TpTrace Verbose: 0 : 23896, 1, 2022/08/05, 19:46:28.395, 173348406903, vstest.console.dll, Version: 16.11.0
TpTrace Information: 0 : 23896, 1, 2022/08/05, 19:46:28.402, 173348470510, vstest.console.dll, FilePatternParser: The given file C:\Users\hp\source\repos\BankWinform\BankWinformTest\bin\Debug\netcoreapp3.1\fine-code-coverage\build-output\BankWinformTest.dll is a full path.
TpTrace Verbose: 0 : 23896, 1, 2022/08/05, 19:46:28.406, 173348507368, vstest.console.dll, TestPluginCache.DiscoverTestExtensions: finding test extensions in assemblies ends with: RuntimeProvider.dll TPluginInfo: Microsoft.VisualStudio.TestPlatform.Common.ExtensionFramework.Utilities.TestRuntimePluginInformation TExtension: Microsoft.VisualStudio.TestPlatform.ObjectModel.Host.ITestRuntimeProvider
TpTrace Verbose: 0 : 23896, 1, 2022/08/05, 19:46:28.408, 173348522077, vstest.console.dll, TestPluginCache.GetExtensionPaths: Filtered extension paths: 
TpTrace Verbose: 0 : 23896, 1, 2022/08/05, 19:46:28.408, 173348522974, vstest.console.dll, TestPluginCache.GetExtensionPaths: Added default extension paths: C:\Program Files\dotnet\sdk\5.0.410\Extensions\Microsoft.Diagnostics.NETCore.Client.dll
C:\Program Files\dotnet\sdk\5.0.410\Extensions\Microsoft.TestPlatform.Extensions.BlameDataCollector.dll
C:\Program Files\dotnet\sdk\5.0.410\Extensions\Microsoft.TestPlatform.Extensions.EventLogCollector.dll
C:\Program Files\dotnet\sdk\5.0.410\Extensions\Microsoft.TestPlatform.TestHostRuntimeProvider.dll
C:\Program Files\dotnet\sdk\5.0.410\Extensions\Microsoft.VisualStudio.TestPlatform.Extensions.Html.TestLogger.dll
C:\Program Files\dotnet\sdk\5.0.410\Extensions\Microsoft.VisualStudio.TestPlatform.Extensions.Trx.TestLogger.dll
TpTrace Verbose: 0 : 23896, 1, 2022/08/05, 19:46:28.408, 173348523289, vstest.console.dll, TestPluginCache.GetExtensionPaths: Added unfilterableExtensionPaths: 
TpTrace Information: 0 : 23896, 1, 2022/08/05, 19:46:28.408, 173348530358, vstest.console.dll, AssemblyResolver.ctor: Creating AssemblyResolver with searchDirectories C:\Program Files\dotnet\sdk\5.0.410\Extensions,C:\Program Files\dotnet\sdk\5.0.410
TpTrace Verbose: 0 : 23896, 1, 2022/08/05, 19:46:28.410, 173348542858, vstest.console.dll, TestPluginCache.DiscoverTestExtensions: Discovering the extensions using extension path.
TpTrace Verbose: 0 : 23896, 1, 2022/08/05, 19:46:28.410, 173348543963, vstest.console.dll, TestPluginCache.GetExtensionPaths: Filtered extension paths: 
TpTrace Verbose: 0 : 23896, 1, 2022/08/05, 19:46:28.410, 173348544314, vstest.console.dll, TestPluginCache.GetExtensionPaths: Added default extension paths: C:\Program Files\dotnet\sdk\5.0.410\Extensions\Microsoft.Diagnostics.NETCore.Client.dll
C:\Program Files\dotnet\sdk\5.0.410\Extensions\Microsoft.TestPlatform.Extensions.BlameDataCollector.dll
C:\Program Files\dotnet\sdk\5.0.410\Extensions\Microsoft.TestPlatform.Extensions.EventLogCollector.dll
C:\Program Files\dotnet\sdk\5.0.410\Extensions\Microsoft.TestPlatform.TestHostRuntimeProvider.dll
C:\Program Files\dotnet\sdk\5.0.410\Extensions\Microsoft.VisualStudio.TestPlatform.Extensions.Html.TestLogger.dll
C:\Program Files\dotnet\sdk\5.0.410\Extensions\Microsoft.VisualStudio.TestPlatform.Extensions.Trx.TestLogger.dll
TpTrace Verbose: 0 : 23896, 1, 2022/08/05, 19:46:28.410, 173348544537, vstest.console.dll, TestPluginCache.GetExtensionPaths: Added unfilterableExtensionPaths: 
TpTrace Verbose: 0 : 23896, 1, 2022/08/05, 19:46:28.410, 173348545019, vstest.console.dll, TestPluginCache.DiscoverTestExtensions: Discovering the extensions using allExtensionPaths: C:\Program Files\dotnet\sdk\5.0.410\Extensions\Microsoft.Diagnostics.NETCore.Client.dll
C:\Program Files\dotnet\sdk\5.0.410\Extensions\Microsoft.TestPlatform.Extensions.BlameDataCollector.dll
C:\Program Files\dotnet\sdk\5.0.410\Extensions\Microsoft.TestPlatform.Extensions.EventLogCollector.dll
C:\Program Files\dotnet\sdk\5.0.410\Extensions\Microsoft.TestPlatform.TestHostRuntimeProvider.dll
C:\Program Files\dotnet\sdk\5.0.410\Extensions\Microsoft.VisualStudio.TestPlatform.Extensions.Html.TestLogger.dll
C:\Program Files\dotnet\sdk\5.0.410\Extensions\Microsoft.VisualStudio.TestPlatform.Extensions.Trx.TestLogger.dll
TpTrace Information: 0 : 23896, 1, 2022/08/05, 19:46:28.410, 173348546249, vstest.console.dll, AssemblyResolver.AddSearchDirectories: Adding more searchDirectories C:\Program Files\dotnet\sdk\5.0.410\Extensions,C:\Program Files\dotnet\sdk\5.0.410
TpTrace Information: 0 : 23896, 1, 2022/08/05, 19:46:28.410, 173348546710, vstest.console.dll, AssemblyResolver.AddSearchDirectories: Adding more searchDirectories C:\Program Files\dotnet\sdk\5.0.410\Extensions,C:\Program Files\dotnet\sdk\5.0.410
TpTrace Information: 0 : 23896, 1, 2022/08/05, 19:46:28.410, 173348546931, vstest.console.dll, AssemblyResolver.AddSearchDirectories: Adding more searchDirectories C:\Program Files\dotnet\sdk\5.0.410\Extensions,C:\Program Files\dotnet\sdk\5.0.410
TpTrace Information: 0 : 23896, 1, 2022/08/05, 19:46:28.410, 173348547138, vstest.console.dll, AssemblyResolver.AddSearchDirectories: Adding more searchDirectories C:\Program Files\dotnet\sdk\5.0.410\Extensions,C:\Program Files\dotnet\sdk\5.0.410
TpTrace Information: 0 : 23896, 1, 2022/08/05, 19:46:28.410, 173348547369, vstest.console.dll, AssemblyResolver.AddSearchDirectories: Adding more searchDirectories C:\Program Files\dotnet\sdk\5.0.410\Extensions,C:\Program Files\dotnet\sdk\5.0.410
TpTrace Information: 0 : 23896, 1, 2022/08/05, 19:46:28.410, 173348547586, vstest.console.dll, AssemblyResolver.AddSearchDirectories: Adding more searchDirectories C:\Program Files\dotnet\sdk\5.0.410\Extensions,C:\Program Files\dotnet\sdk\5.0.410
TpTrace Information: 0 : 23896, 1, 2022/08/05, 19:46:28.410, 173348550537, vstest.console.dll, AssemblyResolver.OnResolve: Microsoft.Diagnostics.NETCore.Client: Resolving assembly.
TpTrace Information: 0 : 23896, 1, 2022/08/05, 19:46:28.410, 173348551079, vstest.console.dll, AssemblyResolver.OnResolve: Microsoft.Diagnostics.NETCore.Client: Searching in: 'C:\Program Files\dotnet\sdk\5.0.410\Extensions'.
TpTrace Information: 0 : 23896, 1, 2022/08/05, 19:46:28.411, 173348555734, vstest.console.dll, AssemblyResolver.OnResolve: Microsoft.Diagnostics.NETCore.Client: Loading assembly 'C:\Program Files\dotnet\sdk\5.0.410\Extensions\Microsoft.Diagnostics.NETCore.Client.dll'.
TpTrace Information: 0 : 23896, 1, 2022/08/05, 19:46:28.411, 173348559461, vstest.console.dll, AssemblyResolver.OnResolve: Resolved assembly: Microsoft.Diagnostics.NETCore.Client, from path: C:\Program Files\dotnet\sdk\5.0.410\Extensions\Microsoft.Diagnostics.NETCore.Client.dll
TpTrace Information: 0 : 23896, 1, 2022/08/05, 19:46:28.416, 173348604026, vstest.console.dll, AssemblyResolver.OnResolve: Microsoft.Bcl.AsyncInterfaces: Resolving assembly.
TpTrace Information: 0 : 23896, 1, 2022/08/05, 19:46:28.416, 173348604569, vstest.console.dll, AssemblyResolver.OnResolve: Microsoft.Bcl.AsyncInterfaces: Searching in: 'C:\Program Files\dotnet\sdk\5.0.410\Extensions'.
TpTrace Information: 0 : 23896, 1, 2022/08/05, 19:46:28.416, 173348605005, vstest.console.dll, AssemblyResolver.OnResolve: Microsoft.Bcl.AsyncInterfaces: Assembly path does not exist: 'C:\Program Files\dotnet\sdk\5.0.410\Extensions\Microsoft.Bcl.AsyncInterfaces.dll', returning.
TpTrace Information: 0 : 23896, 1, 2022/08/05, 19:46:28.416, 173348605267, vstest.console.dll, AssemblyResolver.OnResolve: Microsoft.Bcl.AsyncInterfaces: Assembly path does not exist: 'C:\Program Files\dotnet\sdk\5.0.410\Extensions\Microsoft.Bcl.AsyncInterfaces.exe', returning.
TpTrace Information: 0 : 23896, 1, 2022/08/05, 19:46:28.416, 173348605459, vstest.console.dll, AssemblyResolver.OnResolve: Microsoft.Bcl.AsyncInterfaces: Searching in: 'C:\Program Files\dotnet\sdk\5.0.410'.
TpTrace Information: 0 : 23896, 1, 2022/08/05, 19:46:28.416, 173348605753, vstest.console.dll, AssemblyResolver.OnResolve: Microsoft.Bcl.AsyncInterfaces: Assembly path does not exist: 'C:\Program Files\dotnet\sdk\5.0.410\Microsoft.Bcl.AsyncInterfaces.dll', returning.
TpTrace Information: 0 : 23896, 1, 2022/08/05, 19:46:28.416, 173348605999, vstest.console.dll, AssemblyResolver.OnResolve: Microsoft.Bcl.AsyncInterfaces: Assembly path does not exist: 'C:\Program Files\dotnet\sdk\5.0.410\Microsoft.Bcl.AsyncInterfaces.exe', returning.
TpTrace Information: 0 : 23896, 1, 2022/08/05, 19:46:28.416, 173348606488, vstest.console.dll, AssemblyResolver.OnResolve: Microsoft.Bcl.AsyncInterfaces: Failed to load assembly.
TpTrace Verbose: 0 : 23896, 1, 2022/08/05, 19:46:28.416, 173348606781, vstest.console.dll, CurrentDomainAssemblyResolve: Resolving assembly 'Microsoft.Bcl.AsyncInterfaces'.
TpTrace Information: 0 : 23896, 1, 2022/08/05, 19:46:28.416, 173348607133, vstest.console.dll, AssemblyResolver.OnResolve: Microsoft.Bcl.AsyncInterfaces: Resolving assembly.
TpTrace Information: 0 : 23896, 1, 2022/08/05, 19:46:28.416, 173348607347, vstest.console.dll, AssemblyResolver.OnResolve: Microsoft.Bcl.AsyncInterfaces: Resolved from cache.
TpTrace Verbose: 0 : 23896, 1, 2022/08/05, 19:46:28.416, 173348607508, vstest.console.dll, CurrentDomainAssemblyResolve: Resolving assembly 'Microsoft.Bcl.AsyncInterfaces'.
TpTrace Verbose: 0 : 23896, 1, 2022/08/05, 19:46:28.416, 173348607725, vstest.console.dll, CurrentDomainAssemblyResolve: Failed to resolve assembly 'Microsoft.Bcl.AsyncInterfaces'.
TpTrace Verbose: 0 : 23896, 1, 2022/08/05, 19:46:28.416, 173348611283, vstest.console.dll, CurrentDomainAssemblyResolve: Failed to resolve assembly 'Microsoft.Bcl.AsyncInterfaces'.
TpTrace Warning: 0 : 23896, 1, 2022/08/05, 19:46:28.428, 173348724157, vstest.console.dll, TestPluginDiscoverer: Failed to get types from assembly 'Microsoft.Diagnostics.NETCore.Client, Version=0.2.2.41902, Culture=neutral, PublicKeyToken=31bf3856ad364e35'.  Skipping test extension scan for this assembly.  Error: System.Reflection.ReflectionTypeLoadException: Unable to load one or more of the requested types.
Could not load file or assembly 'Microsoft.Bcl.AsyncInterfaces, Version=1.0.0.0, Culture=neutral, PublicKeyToken=cc7b13ffcd2ddd51'. The system cannot find the file specified.
   at System.Reflection.RuntimeModule.GetTypes(RuntimeModule module)
   at System.Reflection.Assembly.GetTypes()
   at Microsoft.VisualStudio.TestPlatform.Common.ExtensionFramework.TestPluginDiscoverer.GetTestExtensionsFromAssembly[TPluginInfo,TExtension](Assembly assembly, Dictionary`2 pluginInfos)
System.IO.FileNotFoundException: Could not load file or assembly 'Microsoft.Bcl.AsyncInterfaces, Version=1.0.0.0, Culture=neutral, PublicKeyToken=cc7b13ffcd2ddd51'. The system cannot find the file specified.
File name: 'Microsoft.Bcl.AsyncInterfaces, Version=1.0.0.0, Culture=neutral, PublicKeyToken=cc7b13ffcd2ddd51'
 ---> System.IO.FileNotFoundException: Could not load file or assembly 'Microsoft.Bcl.AsyncInterfaces, Culture=neutral, PublicKeyToken=null'. The system cannot find the file specified.
File name: 'Microsoft.Bcl.AsyncInterfaces, Culture=neutral, PublicKeyToken=null'
   at System.Reflection.RuntimeAssembly.InternalLoad(ObjectHandleOnStack assemblyName, ObjectHandleOnStack requestingAssembly, StackCrawlMarkHandle stackMark, Boolean throwOnFileNotFound, ObjectHandleOnStack assemblyLoadContext, ObjectHandleOnStack retAssembly)
   at System.Reflection.RuntimeAssembly.InternalLoad(AssemblyName assemblyName, RuntimeAssembly requestingAssembly, StackCrawlMark& stackMark, Boolean throwOnFileNotFound, AssemblyLoadContext assemblyLoadContext)
   at System.Reflection.Assembly.Load(AssemblyName assemblyRef)
   at Microsoft.VisualStudio.TestPlatform.Common.ExtensionFramework.TestPluginCache.CurrentDomainAssemblyResolve(Object sender, AssemblyResolveEventArgs args)
   at Microsoft.VisualStudio.TestPlatform.PlatformAbstractions.PlatformAssemblyResolver.AssemblyResolverEvent(Object sender, Object eventArgs)
   at System.Runtime.Loader.AssemblyLoadContext.GetFirstResolvedAssemblyFromResolvingEvent(AssemblyName assemblyName)
   at System.Runtime.Loader.AssemblyLoadContext.ResolveUsingEvent(AssemblyName assemblyName)
   at System.Runtime.Loader.AssemblyLoadContext.ResolveUsingResolvingEvent(IntPtr gchManagedAssemblyLoadContext, AssemblyName assemblyName)
TpTrace Warning: 0 : 23896, 1, 2022/08/05, 19:46:28.428, 173348725547, vstest.console.dll, LoaderExceptions: System.IO.FileNotFoundException: Could not load file or assembly 'Microsoft.Bcl.AsyncInterfaces, Version=1.0.0.0, Culture=neutral, PublicKeyToken=cc7b13ffcd2ddd51'. The system cannot find the file specified.
File name: 'Microsoft.Bcl.AsyncInterfaces, Version=1.0.0.0, Culture=neutral, PublicKeyToken=cc7b13ffcd2ddd51'
 ---> System.IO.FileNotFoundException: Could not load file or assembly 'Microsoft.Bcl.AsyncInterfaces, Culture=neutral, PublicKeyToken=null'. The system cannot find the file specified.
File name: 'Microsoft.Bcl.AsyncInterfaces, Culture=neutral, PublicKeyToken=null'
   at System.Reflection.RuntimeAssembly.InternalLoad(ObjectHandleOnStack assemblyName, ObjectHandleOnStack requestingAssembly, StackCrawlMarkHandle stackMark, Boolean throwOnFileNotFound, ObjectHandleOnStack assemblyLoadContext, ObjectHandleOnStack retAssembly)
   at System.Reflection.RuntimeAssembly.InternalLoad(AssemblyName assemblyName, RuntimeAssembly requestingAssembly, StackCrawlMark& stackMark, Boolean throwOnFileNotFound, AssemblyLoadContext assemblyLoadContext)
   at System.Reflection.Assembly.Load(AssemblyName assemblyRef)
   at Microsoft.VisualStudio.TestPlatform.Common.ExtensionFramework.TestPluginCache.CurrentDomainAssemblyResolve(Object sender, AssemblyResolveEventArgs args)
   at Microsoft.VisualStudio.TestPlatform.PlatformAbstractions.PlatformAssemblyResolver.AssemblyResolverEvent(Object sender, Object eventArgs)
   at System.Runtime.Loader.AssemblyLoadContext.GetFirstResolvedAssemblyFromResolvingEvent(AssemblyName assemblyName)
   at System.Runtime.Loader.AssemblyLoadContext.ResolveUsingEvent(AssemblyName assemblyName)
   at System.Runtime.Loader.AssemblyLoadContext.ResolveUsingResolvingEvent(IntPtr gchManagedAssemblyLoadContext, AssemblyName assemblyName)
TpTrace Information: 0 : 23896, 1, 2022/08/05, 19:46:28.428, 173348726148, vstest.console.dll, AssemblyResolver.OnResolve: Microsoft.TestPlatform.Extensions.BlameDataCollector: Resolving assembly.
TpTrace Information: 0 : 23896, 1, 2022/08/05, 19:46:28.428, 173348726385, vstest.console.dll, AssemblyResolver.OnResolve: Microsoft.TestPlatform.Extensions.BlameDataCollector: Searching in: 'C:\Program Files\dotnet\sdk\5.0.410\Extensions'.
TpTrace Information: 0 : 23896, 1, 2022/08/05, 19:46:28.428, 173348730146, vstest.console.dll, AssemblyResolver.OnResolve: Microsoft.TestPlatform.Extensions.BlameDataCollector: Loading assembly 'C:\Program Files\dotnet\sdk\5.0.410\Extensions\Microsoft.TestPlatform.Extensions.BlameDataCollector.dll'.
TpTrace Information: 0 : 23896, 1, 2022/08/05, 19:46:28.429, 173348735652, vstest.console.dll, AssemblyResolver.OnResolve: Resolved assembly: Microsoft.TestPlatform.Extensions.BlameDataCollector, from path: C:\Program Files\dotnet\sdk\5.0.410\Extensions\Microsoft.TestPlatform.Extensions.BlameDataCollector.dll
TpTrace Information: 0 : 23896, 1, 2022/08/05, 19:46:28.429, 173348739867, vstest.console.dll, AssemblyResolver.OnResolve: Microsoft.TestPlatform.Extensions.EventLogCollector: Resolving assembly.
TpTrace Information: 0 : 23896, 1, 2022/08/05, 19:46:28.429, 173348740227, vstest.console.dll, AssemblyResolver.OnResolve: Microsoft.TestPlatform.Extensions.EventLogCollector: Searching in: 'C:\Program Files\dotnet\sdk\5.0.410\Extensions'.
TpTrace Information: 0 : 23896, 1, 2022/08/05, 19:46:28.430, 173348744306, vstest.console.dll, AssemblyResolver.OnResolve: Microsoft.TestPlatform.Extensions.EventLogCollector: Loading assembly 'C:\Program Files\dotnet\sdk\5.0.410\Extensions\Microsoft.TestPlatform.Extensions.EventLogCollector.dll'.
TpTrace Information: 0 : 23896, 1, 2022/08/05, 19:46:28.430, 173348747991, vstest.console.dll, AssemblyResolver.OnResolve: Resolved assembly: Microsoft.TestPlatform.Extensions.EventLogCollector, from path: C:\Program Files\dotnet\sdk\5.0.410\Extensions\Microsoft.TestPlatform.Extensions.EventLogCollector.dll
TpTrace Information: 0 : 23896, 1, 2022/08/05, 19:46:28.432, 173348768381, vstest.console.dll, AssemblyResolver.OnResolve: Microsoft.TestPlatform.TestHostRuntimeProvider: Resolving assembly.
TpTrace Information: 0 : 23896, 1, 2022/08/05, 19:46:28.432, 173348769431, vstest.console.dll, AssemblyResolver.OnResolve: Microsoft.TestPlatform.TestHostRuntimeProvider: Searching in: 'C:\Program Files\dotnet\sdk\5.0.410\Extensions'.
TpTrace Information: 0 : 23896, 1, 2022/08/05, 19:46:28.433, 173348773862, vstest.console.dll, AssemblyResolver.OnResolve: Microsoft.TestPlatform.TestHostRuntimeProvider: Loading assembly 'C:\Program Files\dotnet\sdk\5.0.410\Extensions\Microsoft.TestPlatform.TestHostRuntimeProvider.dll'.
TpTrace Information: 0 : 23896, 1, 2022/08/05, 19:46:28.433, 173348779297, vstest.console.dll, AssemblyResolver.OnResolve: Resolved assembly: Microsoft.TestPlatform.TestHostRuntimeProvider, from path: C:\Program Files\dotnet\sdk\5.0.410\Extensions\Microsoft.TestPlatform.TestHostRuntimeProvider.dll
TpTrace Information: 0 : 23896, 1, 2022/08/05, 19:46:28.434, 173348788683, vstest.console.dll, AssemblyResolver.OnResolve: Microsoft.VisualStudio.TestPlatform.Extensions.Html.TestLogger: Resolving assembly.
TpTrace Information: 0 : 23896, 1, 2022/08/05, 19:46:28.434, 173348789165, vstest.console.dll, AssemblyResolver.OnResolve: Microsoft.VisualStudio.TestPlatform.Extensions.Html.TestLogger: Searching in: 'C:\Program Files\dotnet\sdk\5.0.410\Extensions'.
TpTrace Information: 0 : 23896, 1, 2022/08/05, 19:46:28.435, 173348793893, vstest.console.dll, AssemblyResolver.OnResolve: Microsoft.VisualStudio.TestPlatform.Extensions.Html.TestLogger: Loading assembly 'C:\Program Files\dotnet\sdk\5.0.410\Extensions\Microsoft.VisualStudio.TestPlatform.Extensions.Html.TestLogger.dll'.
TpTrace Information: 0 : 23896, 1, 2022/08/05, 19:46:28.435, 173348798698, vstest.console.dll, AssemblyResolver.OnResolve: Resolved assembly: Microsoft.VisualStudio.TestPlatform.Extensions.Html.TestLogger, from path: C:\Program Files\dotnet\sdk\5.0.410\Extensions\Microsoft.VisualStudio.TestPlatform.Extensions.Html.TestLogger.dll
TpTrace Information: 0 : 23896, 1, 2022/08/05, 19:46:28.435, 173348800656, vstest.console.dll, AssemblyResolver.OnResolve: Microsoft.VisualStudio.TestPlatform.Extensions.Trx.TestLogger: Resolving assembly.
TpTrace Information: 0 : 23896, 1, 2022/08/05, 19:46:28.435, 173348800928, vstest.console.dll, AssemblyResolver.OnResolve: Microsoft.VisualStudio.TestPlatform.Extensions.Trx.TestLogger: Searching in: 'C:\Program Files\dotnet\sdk\5.0.410\Extensions'.
TpTrace Information: 0 : 23896, 1, 2022/08/05, 19:46:28.436, 173348805507, vstest.console.dll, AssemblyResolver.OnResolve: Microsoft.VisualStudio.TestPlatform.Extensions.Trx.TestLogger: Loading assembly 'C:\Program Files\dotnet\sdk\5.0.410\Extensions\Microsoft.VisualStudio.TestPlatform.Extensions.Trx.TestLogger.dll'.
TpTrace Information: 0 : 23896, 1, 2022/08/05, 19:46:28.437, 173348811494, vstest.console.dll, AssemblyResolver.OnResolve: Resolved assembly: Microsoft.VisualStudio.TestPlatform.Extensions.Trx.TestLogger, from path: C:\Program Files\dotnet\sdk\5.0.410\Extensions\Microsoft.VisualStudio.TestPlatform.Extensions.Trx.TestLogger.dll
TpTrace Verbose: 0 : 23896, 1, 2022/08/05, 19:46:28.437, 173348814760, vstest.console.dll, TestPluginCache: Discovered the extensions using extension path ''.
TpTrace Verbose: 0 : 23896, 1, 2022/08/05, 19:46:28.437, 173348815103, vstest.console.dll, TestPluginCache: Discoverers are ''.
TpTrace Verbose: 0 : 23896, 1, 2022/08/05, 19:46:28.437, 173348815234, vstest.console.dll, TestPluginCache: Executors are ''.
TpTrace Verbose: 0 : 23896, 1, 2022/08/05, 19:46:28.437, 173348815357, vstest.console.dll, TestPluginCache: Executors2 are ''.
TpTrace Verbose: 0 : 23896, 1, 2022/08/05, 19:46:28.437, 173348815477, vstest.console.dll, TestPluginCache: Setting providers are ''.
TpTrace Verbose: 0 : 23896, 1, 2022/08/05, 19:46:28.437, 173348815597, vstest.console.dll, TestPluginCache: Loggers are ''.
TpTrace Information: 0 : 23896, 1, 2022/08/05, 19:46:28.440, 173348846931, vstest.console.dll, RunTestsArgumentProcessor:Execute: Test run is starting.
TpTrace Verbose: 0 : 23896, 1, 2022/08/05, 19:46:28.440, 173348847550, vstest.console.dll, RunTestsArgumentProcessor:Execute: Queuing Test run.
TpTrace Information: 0 : 23896, 1, 2022/08/05, 19:46:28.440, 173348848683, vstest.console.dll, TestRequestManager.RunTests: run tests started.
TpTrace Information: 0 : 23896, 1, 2022/08/05, 19:46:28.443, 173348872494, vstest.console.dll, AssemblyMetadataProvider.GetFrameWork: Determined framework:'.NETCoreApp,Version=v3.1' for source: 'C:\Users\hp\source\repos\BankWinform\BankWinformTest\bin\Debug\netcoreapp3.1\fine-code-coverage\build-output\BankWinformTest.dll'
TpTrace Information: 0 : 23896, 1, 2022/08/05, 19:46:28.443, 173348873687, vstest.console.dll, Determined framework for all sources: .NETCoreApp,Version=v3.1
TpTrace Information: 0 : 23896, 1, 2022/08/05, 19:46:28.443, 173348876274, vstest.console.dll, AssemblyMetadataProvider.GetArchitecture: Determined architecture:AnyCPU info for assembly: C:\Users\hp\source\repos\BankWinform\BankWinformTest\bin\Debug\netcoreapp3.1\fine-code-coverage\build-output\BankWinformTest.dll
TpTrace Information: 0 : 23896, 1, 2022/08/05, 19:46:28.444, 173348889434, vstest.console.dll, Determined platform for all sources: X64
TpTrace Information: 0 : 23896, 1, 2022/08/05, 19:46:28.446, 173348905705, vstest.console.dll, Compatible sources list : 
TpTrace Information: 0 : 23896, 1, 2022/08/05, 19:46:28.446, 173348906192, vstest.console.dll, C:\Users\hp\source\repos\BankWinform\BankWinformTest\bin\Debug\netcoreapp3.1\fine-code-coverage\build-output\BankWinformTest.dll
TpTrace Information: 0 : 23896, 1, 2022/08/05, 19:46:28.447, 173348921095, vstest.console.dll, InferRunSettingsHelper.IsTestSettingsEnabled: Unable to navigate to RunSettings/MSTest. Current node: RunSettings
TpTrace Information: 0 : 23896, 1, 2022/08/05, 19:46:28.448, 173348925017, vstest.console.dll, AssemblyResolver.OnResolve: Microsoft.VisualStudio.TestPlatform.Fakes: Resolving assembly.
TpTrace Information: 0 : 23896, 1, 2022/08/05, 19:46:28.448, 173348925367, vstest.console.dll, AssemblyResolver.OnResolve: Microsoft.VisualStudio.TestPlatform.Fakes: Searching in: 'C:\Program Files\dotnet\sdk\5.0.410\Extensions'.
TpTrace Information: 0 : 23896, 1, 2022/08/05, 19:46:28.448, 173348925916, vstest.console.dll, AssemblyResolver.OnResolve: Microsoft.VisualStudio.TestPlatform.Fakes: Assembly path does not exist: 'C:\Program Files\dotnet\sdk\5.0.410\Extensions\Microsoft.VisualStudio.TestPlatform.Fakes.dll', returning.
TpTrace Information: 0 : 23896, 1, 2022/08/05, 19:46:28.448, 173348926227, vstest.console.dll, AssemblyResolver.OnResolve: Microsoft.VisualStudio.TestPlatform.Fakes: Assembly path does not exist: 'C:\Program Files\dotnet\sdk\5.0.410\Extensions\Microsoft.VisualStudio.TestPlatform.Fakes.exe', returning.
TpTrace Information: 0 : 23896, 1, 2022/08/05, 19:46:28.448, 173348926371, vstest.console.dll, AssemblyResolver.OnResolve: Microsoft.VisualStudio.TestPlatform.Fakes: Searching in: 'C:\Program Files\dotnet\sdk\5.0.410'.
TpTrace Information: 0 : 23896, 1, 2022/08/05, 19:46:28.448, 173348926650, vstest.console.dll, AssemblyResolver.OnResolve: Microsoft.VisualStudio.TestPlatform.Fakes: Assembly path does not exist: 'C:\Program Files\dotnet\sdk\5.0.410\Microsoft.VisualStudio.TestPlatform.Fakes.dll', returning.
TpTrace Information: 0 : 23896, 1, 2022/08/05, 19:46:28.448, 173348926879, vstest.console.dll, AssemblyResolver.OnResolve: Microsoft.VisualStudio.TestPlatform.Fakes: Assembly path does not exist: 'C:\Program Files\dotnet\sdk\5.0.410\Microsoft.VisualStudio.TestPlatform.Fakes.exe', returning.
TpTrace Information: 0 : 23896, 1, 2022/08/05, 19:46:28.448, 173348927043, vstest.console.dll, AssemblyResolver.OnResolve: Microsoft.VisualStudio.TestPlatform.Fakes: Failed to load assembly.
TpTrace Information: 0 : 23896, 1, 2022/08/05, 19:46:28.448, 173348929936, vstest.console.dll, Failed to create newly implemented Fakes Configurator. Reason:System.IO.FileNotFoundException: Could not load file or assembly 'Microsoft.VisualStudio.TestPlatform.Fakes, Version=16.0.0.0, Culture=neutral, PublicKeyToken=null'. The system cannot find the file specified.
File name: 'Microsoft.VisualStudio.TestPlatform.Fakes, Version=16.0.0.0, Culture=neutral, PublicKeyToken=null'
   at System.Reflection.RuntimeAssembly.InternalLoad(ObjectHandleOnStack assemblyName, ObjectHandleOnStack requestingAssembly, StackCrawlMarkHandle stackMark, Boolean throwOnFileNotFound, ObjectHandleOnStack assemblyLoadContext, ObjectHandleOnStack retAssembly)
   at System.Reflection.RuntimeAssembly.InternalLoad(AssemblyName assemblyName, RuntimeAssembly requestingAssembly, StackCrawlMark& stackMark, Boolean throwOnFileNotFound, AssemblyLoadContext assemblyLoadContext)
   at System.Reflection.Assembly.Load(AssemblyName assemblyRef)
   at Microsoft.VisualStudio.TestPlatform.Common.Utilities.FakesUtilities.TryGetFakesCrossPlatformDataCollectorConfigurator() 
TpTrace Verbose: 0 : 23896, 1, 2022/08/05, 19:46:28.451, 173348960393, vstest.console.dll, TestPluginCache.DiscoverTestExtensions: finding test extensions in assemblies ends with: TestLogger.dll TPluginInfo: Microsoft.VisualStudio.TestPlatform.Common.ExtensionFramework.Utilities.TestLoggerPluginInformation TExtension: Microsoft.VisualStudio.TestPlatform.ObjectModel.Client.ITestLogger
TpTrace Verbose: 0 : 23896, 1, 2022/08/05, 19:46:28.451, 173348961098, vstest.console.dll, TestPluginCache.GetExtensionPaths: Filtered extension paths: 
TpTrace Verbose: 0 : 23896, 1, 2022/08/05, 19:46:28.451, 173348961269, vstest.console.dll, TestPluginCache.GetExtensionPaths: Added default extension paths: C:\Program Files\dotnet\sdk\5.0.410\Extensions\Microsoft.Diagnostics.NETCore.Client.dll
C:\Program Files\dotnet\sdk\5.0.410\Extensions\Microsoft.TestPlatform.Extensions.BlameDataCollector.dll
C:\Program Files\dotnet\sdk\5.0.410\Extensions\Microsoft.TestPlatform.Extensions.EventLogCollector.dll
C:\Program Files\dotnet\sdk\5.0.410\Extensions\Microsoft.TestPlatform.TestHostRuntimeProvider.dll
C:\Program Files\dotnet\sdk\5.0.410\Extensions\Microsoft.VisualStudio.TestPlatform.Extensions.Html.TestLogger.dll
C:\Program Files\dotnet\sdk\5.0.410\Extensions\Microsoft.VisualStudio.TestPlatform.Extensions.Trx.TestLogger.dll
TpTrace Verbose: 0 : 23896, 1, 2022/08/05, 19:46:28.451, 173348961440, vstest.console.dll, TestPluginCache.GetExtensionPaths: Added unfilterableExtensionPaths: 
TpTrace Information: 0 : 23896, 1, 2022/08/05, 19:46:28.452, 173348962283, vstest.console.dll, AssemblyResolver.AddSearchDirectories: Adding more searchDirectories C:\Program Files\dotnet\sdk\5.0.410\Extensions,C:\Program Files\dotnet\sdk\5.0.410
TpTrace Verbose: 0 : 23896, 1, 2022/08/05, 19:46:28.452, 173348962528, vstest.console.dll, TestPluginCache.DiscoverTestExtensions: Discovering the extensions using extension path.
TpTrace Verbose: 0 : 23896, 1, 2022/08/05, 19:46:28.452, 173348962711, vstest.console.dll, TestPluginCache.GetExtensionPaths: Filtered extension paths: 
TpTrace Verbose: 0 : 23896, 1, 2022/08/05, 19:46:28.452, 173348962881, vstest.console.dll, TestPluginCache.GetExtensionPaths: Added default extension paths: C:\Program Files\dotnet\sdk\5.0.410\Extensions\Microsoft.Diagnostics.NETCore.Client.dll
C:\Program Files\dotnet\sdk\5.0.410\Extensions\Microsoft.TestPlatform.Extensions.BlameDataCollector.dll
C:\Program Files\dotnet\sdk\5.0.410\Extensions\Microsoft.TestPlatform.Extensions.EventLogCollector.dll
C:\Program Files\dotnet\sdk\5.0.410\Extensions\Microsoft.TestPlatform.TestHostRuntimeProvider.dll
C:\Program Files\dotnet\sdk\5.0.410\Extensions\Microsoft.VisualStudio.TestPlatform.Extensions.Html.TestLogger.dll
C:\Program Files\dotnet\sdk\5.0.410\Extensions\Microsoft.VisualStudio.TestPlatform.Extensions.Trx.TestLogger.dll
TpTrace Verbose: 0 : 23896, 1, 2022/08/05, 19:46:28.452, 173348963024, vstest.console.dll, TestPluginCache.GetExtensionPaths: Added unfilterableExtensionPaths: 
TpTrace Verbose: 0 : 23896, 1, 2022/08/05, 19:46:28.452, 173348963189, vstest.console.dll, TestPluginCache.DiscoverTestExtensions: Discovering the extensions using allExtensionPaths: C:\Program Files\dotnet\sdk\5.0.410\Extensions\Microsoft.Diagnostics.NETCore.Client.dll
C:\Program Files\dotnet\sdk\5.0.410\Extensions\Microsoft.TestPlatform.Extensions.BlameDataCollector.dll
C:\Program Files\dotnet\sdk\5.0.410\Extensions\Microsoft.TestPlatform.Extensions.EventLogCollector.dll
C:\Program Files\dotnet\sdk\5.0.410\Extensions\Microsoft.TestPlatform.TestHostRuntimeProvider.dll
C:\Program Files\dotnet\sdk\5.0.410\Extensions\Microsoft.VisualStudio.TestPlatform.Extensions.Html.TestLogger.dll
C:\Program Files\dotnet\sdk\5.0.410\Extensions\Microsoft.VisualStudio.TestPlatform.Extensions.Trx.TestLogger.dll
TpTrace Information: 0 : 23896, 1, 2022/08/05, 19:46:28.452, 173348963428, vstest.console.dll, AssemblyResolver.AddSearchDirectories: Adding more searchDirectories C:\Program Files\dotnet\sdk\5.0.410\Extensions,C:\Program Files\dotnet\sdk\5.0.410
TpTrace Information: 0 : 23896, 1, 2022/08/05, 19:46:28.452, 173348963604, vstest.console.dll, AssemblyResolver.AddSearchDirectories: Adding more searchDirectories C:\Program Files\dotnet\sdk\5.0.410\Extensions,C:\Program Files\dotnet\sdk\5.0.410
TpTrace Information: 0 : 23896, 1, 2022/08/05, 19:46:28.452, 173348963744, vstest.console.dll, AssemblyResolver.AddSearchDirectories: Adding more searchDirectories C:\Program Files\dotnet\sdk\5.0.410\Extensions,C:\Program Files\dotnet\sdk\5.0.410
TpTrace Information: 0 : 23896, 1, 2022/08/05, 19:46:28.452, 173348963881, vstest.console.dll, AssemblyResolver.AddSearchDirectories: Adding more searchDirectories C:\Program Files\dotnet\sdk\5.0.410\Extensions,C:\Program Files\dotnet\sdk\5.0.410
TpTrace Information: 0 : 23896, 1, 2022/08/05, 19:46:28.452, 173348964058, vstest.console.dll, AssemblyResolver.AddSearchDirectories: Adding more searchDirectories C:\Program Files\dotnet\sdk\5.0.410\Extensions,C:\Program Files\dotnet\sdk\5.0.410
TpTrace Information: 0 : 23896, 1, 2022/08/05, 19:46:28.452, 173348964199, vstest.console.dll, AssemblyResolver.AddSearchDirectories: Adding more searchDirectories C:\Program Files\dotnet\sdk\5.0.410\Extensions,C:\Program Files\dotnet\sdk\5.0.410
TpTrace Information: 0 : 23896, 1, 2022/08/05, 19:46:28.452, 173348965632, vstest.console.dll, AssemblyResolver.OnResolve: Microsoft.Bcl.AsyncInterfaces: Resolving assembly.
TpTrace Information: 0 : 23896, 1, 2022/08/05, 19:46:28.452, 173348965866, vstest.console.dll, AssemblyResolver.OnResolve: Microsoft.Bcl.AsyncInterfaces: Resolved from cache.
TpTrace Verbose: 0 : 23896, 1, 2022/08/05, 19:46:28.452, 173348966081, vstest.console.dll, CurrentDomainAssemblyResolve: Resolving assembly 'Microsoft.Bcl.AsyncInterfaces'.
TpTrace Information: 0 : 23896, 1, 2022/08/05, 19:46:28.452, 173348966298, vstest.console.dll, AssemblyResolver.OnResolve: Microsoft.Bcl.AsyncInterfaces: Resolving assembly.
TpTrace Information: 0 : 23896, 1, 2022/08/05, 19:46:28.452, 173348966439, vstest.console.dll, AssemblyResolver.OnResolve: Microsoft.Bcl.AsyncInterfaces: Resolved from cache.
TpTrace Verbose: 0 : 23896, 1, 2022/08/05, 19:46:28.452, 173348966580, vstest.console.dll, CurrentDomainAssemblyResolve: Resolving assembly 'Microsoft.Bcl.AsyncInterfaces'.
TpTrace Verbose: 0 : 23896, 1, 2022/08/05, 19:46:28.452, 173348966708, vstest.console.dll, CurrentDomainAssemblyResolve: Failed to resolve assembly 'Microsoft.Bcl.AsyncInterfaces'.
TpTrace Verbose: 0 : 23896, 1, 2022/08/05, 19:46:28.452, 173348967689, vstest.console.dll, CurrentDomainAssemblyResolve: Failed to resolve assembly 'Microsoft.Bcl.AsyncInterfaces'.
TpTrace Warning: 0 : 23896, 1, 2022/08/05, 19:46:28.452, 173348969754, vstest.console.dll, TestPluginDiscoverer: Failed to get types from assembly 'Microsoft.Diagnostics.NETCore.Client, Version=0.2.2.41902, Culture=neutral, PublicKeyToken=31bf3856ad364e35'.  Skipping test extension scan for this assembly.  Error: System.Reflection.ReflectionTypeLoadException: Unable to load one or more of the requested types.
Could not load file or assembly 'Microsoft.Bcl.AsyncInterfaces, Version=1.0.0.0, Culture=neutral, PublicKeyToken=cc7b13ffcd2ddd51'. The system cannot find the file specified.
   at System.Reflection.RuntimeModule.GetTypes(RuntimeModule module)
   at System.Reflection.Assembly.GetTypes()
   at Microsoft.VisualStudio.TestPlatform.Common.ExtensionFramework.TestPluginDiscoverer.GetTestExtensionsFromAssembly[TPluginInfo,TExtension](Assembly assembly, Dictionary`2 pluginInfos)
System.IO.FileNotFoundException: Could not load file or assembly 'Microsoft.Bcl.AsyncInterfaces, Version=1.0.0.0, Culture=neutral, PublicKeyToken=cc7b13ffcd2ddd51'. The system cannot find the file specified.
File name: 'Microsoft.Bcl.AsyncInterfaces, Version=1.0.0.0, Culture=neutral, PublicKeyToken=cc7b13ffcd2ddd51'
 ---> System.IO.FileNotFoundException: Could not load file or assembly 'Microsoft.Bcl.AsyncInterfaces, Culture=neutral, PublicKeyToken=null'. The system cannot find the file specified.
File name: 'Microsoft.Bcl.AsyncInterfaces, Culture=neutral, PublicKeyToken=null'
   at System.Reflection.RuntimeAssembly.InternalLoad(ObjectHandleOnStack assemblyName, ObjectHandleOnStack requestingAssembly, StackCrawlMarkHandle stackMark, Boolean throwOnFileNotFound, ObjectHandleOnStack assemblyLoadContext, ObjectHandleOnStack retAssembly)
   at System.Reflection.RuntimeAssembly.InternalLoad(AssemblyName assemblyName, RuntimeAssembly requestingAssembly, StackCrawlMark& stackMark, Boolean throwOnFileNotFound, AssemblyLoadContext assemblyLoadContext)
   at System.Reflection.Assembly.Load(AssemblyName assemblyRef)
   at Microsoft.VisualStudio.TestPlatform.Common.ExtensionFramework.TestPluginCache.CurrentDomainAssemblyResolve(Object sender, AssemblyResolveEventArgs args)
   at Microsoft.VisualStudio.TestPlatform.PlatformAbstractions.PlatformAssemblyResolver.AssemblyResolverEvent(Object sender, Object eventArgs)
   at System.Runtime.Loader.AssemblyLoadContext.GetFirstResolvedAssemblyFromResolvingEvent(AssemblyName assemblyName)
   at System.Runtime.Loader.AssemblyLoadContext.ResolveUsingEvent(AssemblyName assemblyName)
   at System.Runtime.Loader.AssemblyLoadContext.ResolveUsingResolvingEvent(IntPtr gchManagedAssemblyLoadContext, AssemblyName assemblyName)
TpTrace Warning: 0 : 23896, 1, 2022/08/05, 19:46:28.452, 173348970968, vstest.console.dll, LoaderExceptions: System.IO.FileNotFoundException: Could not load file or assembly 'Microsoft.Bcl.AsyncInterfaces, Version=1.0.0.0, Culture=neutral, PublicKeyToken=cc7b13ffcd2ddd51'. The system cannot find the file specified.
File name: 'Microsoft.Bcl.AsyncInterfaces, Version=1.0.0.0, Culture=neutral, PublicKeyToken=cc7b13ffcd2ddd51'
 ---> System.IO.FileNotFoundException: Could not load file or assembly 'Microsoft.Bcl.AsyncInterfaces, Culture=neutral, PublicKeyToken=null'. The system cannot find the file specified.
File name: 'Microsoft.Bcl.AsyncInterfaces, Culture=neutral, PublicKeyToken=null'
   at System.Reflection.RuntimeAssembly.InternalLoad(ObjectHandleOnStack assemblyName, ObjectHandleOnStack requestingAssembly, StackCrawlMarkHandle stackMark, Boolean throwOnFileNotFound, ObjectHandleOnStack assemblyLoadContext, ObjectHandleOnStack retAssembly)
   at System.Reflection.RuntimeAssembly.InternalLoad(AssemblyName assemblyName, RuntimeAssembly requestingAssembly, StackCrawlMark& stackMark, Boolean throwOnFileNotFound, AssemblyLoadContext assemblyLoadContext)
   at System.Reflection.Assembly.Load(AssemblyName assemblyRef)
   at Microsoft.VisualStudio.TestPlatform.Common.ExtensionFramework.TestPluginCache.CurrentDomainAssemblyResolve(Object sender, AssemblyResolveEventArgs args)
   at Microsoft.VisualStudio.TestPlatform.PlatformAbstractions.PlatformAssemblyResolver.AssemblyResolverEvent(Object sender, Object eventArgs)
   at System.Runtime.Loader.AssemblyLoadContext.GetFirstResolvedAssemblyFromResolvingEvent(AssemblyName assemblyName)
   at System.Runtime.Loader.AssemblyLoadContext.ResolveUsingEvent(AssemblyName assemblyName)
   at System.Runtime.Loader.AssemblyLoadContext.ResolveUsingResolvingEvent(IntPtr gchManagedAssemblyLoadContext, AssemblyName assemblyName)
TpTrace Verbose: 0 : 23896, 1, 2022/08/05, 19:46:28.453, 173348973133, vstest.console.dll, TestPluginCache: Discovered the extensions using extension path ''.
TpTrace Verbose: 0 : 23896, 1, 2022/08/05, 19:46:28.453, 173348973413, vstest.console.dll, TestPluginCache: Discoverers are ''.
TpTrace Verbose: 0 : 23896, 1, 2022/08/05, 19:46:28.453, 173348973548, vstest.console.dll, TestPluginCache: Executors are ''.
TpTrace Verbose: 0 : 23896, 1, 2022/08/05, 19:46:28.453, 173348973669, vstest.console.dll, TestPluginCache: Executors2 are ''.
TpTrace Verbose: 0 : 23896, 1, 2022/08/05, 19:46:28.453, 173348973791, vstest.console.dll, TestPluginCache: Setting providers are ''.
TpTrace Verbose: 0 : 23896, 1, 2022/08/05, 19:46:28.453, 173348974152, vstest.console.dll, TestPluginCache: Loggers are 'logger://Microsoft/TestPlatform/Extensions/Blame/v1,logger://Microsoft/TestPlatform/HtmlLogger/v1,logger://Microsoft/TestPlatform/TrxLogger/v1'.
TpTrace Information: 0 : 23896, 1, 2022/08/05, 19:46:28.453, 173348977994, vstest.console.dll, TestPluginManager.CreateTestExtension: Attempting to load test extension: Microsoft.TestPlatform.Extensions.BlameDataCollector.BlameLogger
TpTrace Information: 0 : 23896, 1, 2022/08/05, 19:46:28.457, 173349018214, vstest.console.dll, TestPluginManager.CreateTestExtension: Attempting to load test extension: Microsoft.VisualStudio.TestPlatform.CrossPlatEngine.Hosting.DefaultTestHostManager
TpTrace Information: 0 : 23896, 1, 2022/08/05, 19:46:28.457, 173349020286, vstest.console.dll, TestPluginManager.CreateTestExtension: Attempting to load test extension: Microsoft.VisualStudio.TestPlatform.CrossPlatEngine.Hosting.DotnetTestHostManager
TpTrace Verbose: 0 : 23896, 1, 2022/08/05, 19:46:28.458, 173349023397, vstest.console.dll, TestEngine: Initializing Parallel Execution as MaxCpuCount is set to: 1
TpTrace Information: 0 : 23896, 1, 2022/08/05, 19:46:28.458, 173349026955, vstest.console.dll, InferRunSettingsHelper.IsTestSettingsEnabled: Unable to navigate to RunSettings/MSTest. Current node: RunSettings
TpTrace Verbose: 0 : 23896, 1, 2022/08/05, 19:46:28.469, 173349137155, vstest.console.dll, TestRequestSender is acting as server
TpTrace Verbose: 0 : 23896, 5, 2022/08/05, 19:46:28.472, 173349171305, vstest.console.dll, DataCollectionRequestSender.InitializeCommunication : Initialize communication. 
TpTrace Information: 0 : 23896, 5, 2022/08/05, 19:46:28.480, 173349246516, vstest.console.dll, Listening on Endpoint : 127.0.0.1:53270
TpTrace Verbose: 0 : 23896, 5, 2022/08/05, 19:46:28.488, 173349325747, vstest.console.dll, DotnetDataCollectionLauncher: Full path of dotnet.exe is C:\Program Files\dotnet\dotnet.exe
TpTrace Verbose: 0 : 23896, 5, 2022/08/05, 19:46:28.488, 173349327000, vstest.console.dll, DotnetDataCollectionLauncher: Adding  --runtimeconfig "C:\Program Files\dotnet\sdk\5.0.410\datacollector.runtimeconfig.json" in args
TpTrace Verbose: 0 : 23896, 5, 2022/08/05, 19:46:28.488, 173349327411, vstest.console.dll, DotnetDataCollectionLauncher: Adding  --depsfile "C:\Program Files\dotnet\sdk\5.0.410\datacollector.deps.json" in args
TpTrace Information: 0 : 23896, 5, 2022/08/05, 19:46:28.496, 173349404126, vstest.console.dll, ProxyDataCollectionManager.Initialize: Launched datacollector processId: 10012 port: 53270
TpTrace Information: 0 : 23896, 5, 2022/08/05, 19:46:28.496, 173349405942, vstest.console.dll, ProxyDataCollectionManager.Initialize: waiting for connection with timeout: 90 seconds
TpTrace Verbose: 0 : 23896, 5, 2022/08/05, 19:46:28.496, 173349406473, vstest.console.dll, DataCollectionRequestSender.WaitForRequestHandlerConnection : Waiting for connection with timeout: 90000
TpTrace Information: 0 : 23896, 8, 2022/08/05, 19:46:28.623, 173350680309, vstest.console.dll, Using the buffer size of 16384 bytes
TpTrace Verbose: 0 : 23896, 5, 2022/08/05, 19:46:28.624, 173350681700, vstest.console.dll, ProxyDataCollectionManager.InvokeDataCollectionServiceAction: Starting.
TpTrace Information: 0 : 23896, 8, 2022/08/05, 19:46:28.624, 173350682189, vstest.console.dll, Accepted Client request and set the flag
TpTrace Information: 0 : 23896, 5, 2022/08/05, 19:46:28.624, 173350683678, vstest.console.dll, ProxyDataCollectionManager.BeforeTestRunStart: Get environment variable and port for datacollector processId: 10012 port: 53270
TpTrace Verbose: 0 : 23896, 5, 2022/08/05, 19:46:28.624, 173350687514, vstest.console.dll, DataCollectionRequestSender.SendBeforeTestRunStartAndGetResult : Send BeforeTestRunStart message with settingsXml <RunSettings><RunConfiguration><ResultsDirectory>C:\Users\hp\source\repos\BankWinform\BankWinformTest\bin\Debug\netcoreapp3.1\fine-code-coverage\coverage-tool-output</ResultsDirectory><TargetPlatform>X64</TargetPlatform><TargetFrameworkVersion>.NETCoreApp,Version=v3.1</TargetFrameworkVersion><DesignMode>False</DesignMode><CollectSourceInformation>False</CollectSourceInformation><TestAdaptersPaths>C:\Program Files\dotnet\sdk\5.0.410\Extensions</TestAdaptersPaths></RunConfiguration><LoggerRunSettings><Loggers><Logger friendlyName="blame" enabled="True" /><Logger friendlyName="Console" uri="logger://microsoft/TestPlatform/ConsoleLogger/v1" assemblyQualifiedName="Microsoft.VisualStudio.TestPlatform.CommandLine.Internal.ConsoleLogger, vstest.console, Version=15.0.0.0, Culture=neutral, PublicKeyToken=b03f5f7f11d50a3a" codeBase="C:\Program Files\dotnet\sdk\5.0.410\vstest.console.dll" enabled="True" /></Loggers></LoggerRunSettings><DataCollectionRunSettings><DataCollectors><DataCollector friendlyName="blame" enabled="True"><Configuration><ResultsDirectory>C:\Users\hp\source\repos\BankWinform\BankWinformTest\bin\Debug\netcoreapp3.1\fine-code-coverage\coverage-tool-output</ResultsDirectory></Configuration></DataCollector></DataCollectors></DataCollectionRunSettings></RunSettings> and sources System.Linq.Enumerable+Concat2Iterator`1[System.String]: 
TpTrace Verbose: 0 : 23896, 5, 2022/08/05, 19:46:28.684, 173351289858, vstest.console.dll, DataCollectionRequestSender.SendBeforeTestRunStartAndGetResult : Received message: (DataCollection.SendMessage) -> {
  "FriendlyName": null,
  "Uri": null,
  "TestCaseId": "00000000-0000-0000-0000-000000000000",
  "Message": "Logging DataCollector Diagnostics in file: C:\\Users\\hp\\source\\repos\\BankWinform\\BankWinformTest\\bin\\Debug\\netcoreapp3.1\\fine-code-coverage\\coverage-tool-output\\diagnostics.datacollector.22-08-05_19-46-28_48595_5.log",
  "Level": 0
}
TpTrace Verbose: 0 : 23896, 5, 2022/08/05, 19:46:28.740, 173351847386, vstest.console.dll, DataCollectionRequestSender.SendBeforeTestRunStartAndGetResult : Received message: (DataCollection.BeforeTestRunStartResult) -> {
  "EnvironmentVariables": {},
  "DataCollectionEventsPort": 53272
}
TpTrace Information: 0 : 23896, 5, 2022/08/05, 19:46:28.745, 173351898662, vstest.console.dll, ProxyDataCollectionManager.BeforeTestRunStart: SendBeforeTestRunStartAndGetResult successful, env variable from datacollector:   and testhost port: 53272
TpTrace Information: 0 : 23896, 5, 2022/08/05, 19:46:28.745, 173351899611, vstest.console.dll, ProxyDataCollectionManager.InvokeDataCollectionServiceAction: Completed.
TpTrace Verbose: 0 : 23896, 1, 2022/08/05, 19:46:28.746, 173351901541, vstest.console.dll, TestRunRequest.ExecuteAsync: Creating test run request.
TpTrace Verbose: 0 : 23896, 1, 2022/08/05, 19:46:28.746, 173351903375, vstest.console.dll, TestRunRequest.ExecuteAsync: Starting.
TpTrace Information: 0 : 23896, 1, 2022/08/05, 19:46:28.746, 173351906217, vstest.console.dll, TestRunRequest.ExecuteAsync: Starting run with settings:TestRunCriteria:
   KeepAlive=False,FrequencyOfRunStatsChangeEvent=10,RunStatsChangeEventTimeout=00:00:01.5000000,TestCaseFilter=,TestExecutorLauncher=
   Settingsxml=<RunSettings>
  <RunConfiguration>
    <ResultsDirectory>C:\Users\hp\source\repos\BankWinform\BankWinformTest\bin\Debug\netcoreapp3.1\fine-code-coverage\coverage-tool-output</ResultsDirectory>
    <TargetPlatform>X64</TargetPlatform>
    <TargetFrameworkVersion>.NETCoreApp,Version=v3.1</TargetFrameworkVersion>
    <DesignMode>False</DesignMode>
    <CollectSourceInformation>False</CollectSourceInformation>
  </RunConfiguration>
  <LoggerRunSettings>
    <Loggers>
      <Logger friendlyName="blame" enabled="True" />
      <Logger friendlyName="Console" uri="logger://microsoft/TestPlatform/ConsoleLogger/v1" assemblyQualifiedName="Microsoft.VisualStudio.TestPlatform.CommandLine.Internal.ConsoleLogger, vstest.console, Version=15.0.0.0, Culture=neutral, PublicKeyToken=b03f5f7f11d50a3a" codeBase="C:\Program Files\dotnet\sdk\5.0.410\vstest.console.dll" enabled="True" />
    </Loggers>
  </LoggerRunSettings>
  <DataCollectionRunSettings>
    <DataCollectors>
      <DataCollector friendlyName="blame" enabled="True">
        <Configuration>
          <ResultsDirectory>C:\Users\hp\source\repos\BankWinform\BankWinformTest\bin\Debug\netcoreapp3.1\fine-code-coverage\coverage-tool-output</ResultsDirectory>
        </Configuration>
      </DataCollector>
    </DataCollectors>
  </DataCollectionRunSettings>
</RunSettings>

TpTrace Verbose: 0 : 23896, 1, 2022/08/05, 19:46:28.746, 173351906653, vstest.console.dll, TestRunRequest.ExecuteAsync: Wait for the first run request is over.
TpTrace Verbose: 0 : 23896, 1, 2022/08/05, 19:46:28.746, 173351909606, vstest.console.dll, ParallelProxyExecutionManager: Start execution. Total sources: 1
TpTrace Information: 0 : 23896, 1, 2022/08/05, 19:46:28.747, 173351914204, vstest.console.dll, ProxyParallelExecutionManager: Triggering test run for next source: C:\Users\hp\source\repos\BankWinform\BankWinformTest\bin\Debug\netcoreapp3.1\fine-code-coverage\build-output\BankWinformTest.dll
TpTrace Verbose: 0 : 23896, 1, 2022/08/05, 19:46:28.747, 173351915619, vstest.console.dll, ProxyParallelExecutionManager: No sources available for execution.
TpTrace Information: 0 : 23896, 1, 2022/08/05, 19:46:28.747, 173351915882, vstest.console.dll, TestRunRequest.ExecuteAsync: Started.
TpTrace Verbose: 0 : 23896, 1, 2022/08/05, 19:46:28.747, 173351916312, vstest.console.dll, TestRunRequest.WaitForCompletion: Waiting with timeout -1.
TpTrace Verbose: 0 : 23896, 5, 2022/08/05, 19:46:28.747, 173351916289, vstest.console.dll, ParallelProxyExecutionManager: Execution started. Started clients: 1
TpTrace Verbose: 0 : 23896, 5, 2022/08/05, 19:46:28.747, 173351920030, vstest.console.dll, TestRunRequest:SendTestRunMessage: Starting.
TpTrace Information: 0 : 23896, 5, 2022/08/05, 19:46:28.747, 173351921002, vstest.console.dll, TestRunRequest:SendTestRunMessage: Completed.
TpTrace Verbose: 0 : 23896, 5, 2022/08/05, 19:46:28.748, 173351923145, vstest.console.dll, ProxyExecutionManager: Test host is always Lazy initialize.
TpTrace Verbose: 0 : 23896, 5, 2022/08/05, 19:46:28.748, 173351924944, vstest.console.dll, TestRequestSender.InitializeCommunication: initialize communication. 
TpTrace Information: 0 : 23896, 5, 2022/08/05, 19:46:28.748, 173351931219, vstest.console.dll, SocketServer.Start: Listening on endpoint : 127.0.0.1:53273
TpTrace Verbose: 0 : 23896, 5, 2022/08/05, 19:46:28.749, 173351938033, vstest.console.dll, DotnetTestHostmanager: Adding  --runtimeconfig "C:\Users\hp\source\repos\BankWinform\BankWinformTest\bin\Debug\netcoreapp3.1\fine-code-coverage\build-output\BankWinformTest.runtimeconfig.json" in args
TpTrace Verbose: 0 : 23896, 5, 2022/08/05, 19:46:28.749, 173351938767, vstest.console.dll, DotnetTestHostmanager: Adding  --depsfile "C:\Users\hp\source\repos\BankWinform\BankWinformTest\bin\Debug\netcoreapp3.1\fine-code-coverage\build-output\BankWinformTest.deps.json" in args
TpTrace Verbose: 0 : 23896, 5, 2022/08/05, 19:46:28.749, 173351940332, vstest.console.dll, DotnetTestHostManager: Testhost.exe/testhost.x86.exe found at path: C:\Users\hp\source\repos\BankWinform\BankWinformTest\bin\Debug\netcoreapp3.1\fine-code-coverage\build-output\testhost.exe
TpTrace Verbose: 0 : 23896, 5, 2022/08/05, 19:46:28.749, 173351940685, vstest.console.dll, DotnetTestHostmanager: Full path of host exe is C:\Users\hp\source\repos\BankWinform\BankWinformTest\bin\Debug\netcoreapp3.1\fine-code-coverage\build-output\testhost.exe
TpTrace Verbose: 0 : 23896, 7, 2022/08/05, 19:46:28.750, 173351948964, vstest.console.dll, DotnetTestHostManager: Starting process 'C:\Users\hp\source\repos\BankWinform\BankWinformTest\bin\Debug\netcoreapp3.1\fine-code-coverage\build-output\testhost.exe' with command line ' --runtimeconfig "C:\Users\hp\source\repos\BankWinform\BankWinformTest\bin\Debug\netcoreapp3.1\fine-code-coverage\build-output\BankWinformTest.runtimeconfig.json" --depsfile "C:\Users\hp\source\repos\BankWinform\BankWinformTest\bin\Debug\netcoreapp3.1\fine-code-coverage\build-output\BankWinformTest.deps.json" --port 53273 --endpoint 127.0.0.1:053273 --role client --parentprocessid 23896 --diag "C:\Users\hp\source\repos\BankWinform\BankWinformTest\bin\Debug\netcoreapp3.1\fine-code-coverage\coverage-tool-output\diagnostics.host.22-08-05_19-46-28_74925_5.log" --tracelevel 4 --datacollectionport 53272 --telemetryoptedin false'
TpTrace Verbose: 0 : 23896, 7, 2022/08/05, 19:46:28.755, 173351998276, vstest.console.dll, Test Runtime launched
TpTrace Verbose: 0 : 23896, 5, 2022/08/05, 19:46:28.756, 173352004993, vstest.console.dll, TestRequestSender.WaitForRequestHandlerConnection: waiting for connection with timeout: 90000
TpTrace Verbose: 0 : 23896, 7, 2022/08/05, 19:46:28.902, 173353468459, vstest.console.dll, SocketServer.OnClientConnected: Client connected for endPoint: 127.0.0.1:53273, starting MessageLoopAsync:
TpTrace Verbose: 0 : 23896, 14, 2022/08/05, 19:46:28.902, 173353471166, vstest.console.dll, TcpClientExtensions.MessageLoopAsync: Polling on remoteEndPoint: 127.0.0.1:53274 localEndPoint: 127.0.0.1:53273
TpTrace Verbose: 0 : 23896, 14, 2022/08/05, 19:46:29.068, 173355125200, vstest.console.dll, TcpClientExtensions.MessageLoopAsync: NotifyDataAvailable remoteEndPoint: 127.0.0.1:53274 localEndPoint: 127.0.0.1:53273
TpTrace Verbose: 0 : 23896, 14, 2022/08/05, 19:46:29.068, 173355128185, vstest.console.dll, TestRequestSender.CheckVersionWithTestHost: onMessageReceived received message: (ProtocolVersion) -> 5
TpTrace Verbose: 0 : 23896, 14, 2022/08/05, 19:46:29.069, 173355131961, vstest.console.dll, TcpClientExtensions.MessageLoopAsync: Polling on remoteEndPoint: 127.0.0.1:53274 localEndPoint: 127.0.0.1:53273
TpTrace Verbose: 0 : 23896, 5, 2022/08/05, 19:46:29.069, 173355133951, vstest.console.dll, TestPluginCache.GetExtensionPaths: Filtered extension paths: 
TpTrace Verbose: 0 : 23896, 5, 2022/08/05, 19:46:29.069, 173355134537, vstest.console.dll, TestPluginCache.GetExtensionPaths: Added default extension paths: C:\Program Files\dotnet\sdk\5.0.410\Extensions\Microsoft.Diagnostics.NETCore.Client.dll
C:\Program Files\dotnet\sdk\5.0.410\Extensions\Microsoft.TestPlatform.Extensions.BlameDataCollector.dll
C:\Program Files\dotnet\sdk\5.0.410\Extensions\Microsoft.TestPlatform.Extensions.EventLogCollector.dll
C:\Program Files\dotnet\sdk\5.0.410\Extensions\Microsoft.TestPlatform.TestHostRuntimeProvider.dll
C:\Program Files\dotnet\sdk\5.0.410\Extensions\Microsoft.VisualStudio.TestPlatform.Extensions.Html.TestLogger.dll
C:\Program Files\dotnet\sdk\5.0.410\Extensions\Microsoft.VisualStudio.TestPlatform.Extensions.Trx.TestLogger.dll
TpTrace Verbose: 0 : 23896, 5, 2022/08/05, 19:46:29.069, 173355134892, vstest.console.dll, TestPluginCache.GetExtensionPaths: Added unfilterableExtensionPaths: 
TpTrace Verbose: 0 : 23896, 5, 2022/08/05, 19:46:29.072, 173355167430, vstest.console.dll, TestRequestSender.InitializeExecution: Sending initializing execution with message: {"Version":5,"MessageType":"TestExecution.Initialize","Payload":["C:\\Users\\hp\\source\\repos\\BankWinform\\BankWinformTest\\bin\\Debug\\netcoreapp3.1\\fine-code-coverage\\build-output\\xunit.runner.visualstudio.dotnetcore.testadapter.dll"]}
TpTrace Verbose: 0 : 23896, 14, 2022/08/05, 19:46:29.077, 173355215689, vstest.console.dll, TcpClientExtensions.MessageLoopAsync: NotifyDataAvailable remoteEndPoint: 127.0.0.1:53274 localEndPoint: 127.0.0.1:53273
TpTrace Verbose: 0 : 23896, 14, 2022/08/05, 19:46:29.077, 173355217195, vstest.console.dll, TestRequestSender.OnExecutionMessageReceived: Received message: {"Version":5,"MessageType":"TestSession.Message","Payload":{"MessageLevel":0,"Message":"Logging TestHost Diagnostics in file: C:\\Users\\hp\\source\\repos\\BankWinform\\BankWinformTest\\bin\\Debug\\netcoreapp3.1\\fine-code-coverage\\coverage-tool-output\\diagnostics.host.22-08-05_19-46-28_74925_5.log"}}
TpTrace Verbose: 0 : 23896, 14, 2022/08/05, 19:46:29.079, 173355235436, vstest.console.dll, TestRunRequest:SendTestRunMessage: Starting.
TpTrace Information: 0 : 23896, 14, 2022/08/05, 19:46:29.079, 173355236412, vstest.console.dll, TestRunRequest:SendTestRunMessage: Completed.
TpTrace Verbose: 0 : 23896, 14, 2022/08/05, 19:46:29.079, 173355236682, vstest.console.dll, TcpClientExtensions.MessageLoopAsync: Polling on remoteEndPoint: 127.0.0.1:53274 localEndPoint: 127.0.0.1:53273
TpTrace Verbose: 0 : 23896, 5, 2022/08/05, 19:46:29.080, 173355247594, vstest.console.dll, TestRequestSender.StartTestRun: Sending test run with message: {"Version":5,"MessageType":"TestExecution.StartWithSources","Payload":{"AdapterSourceMap":{"_none_":["C:\\Users\\hp\\source\\repos\\BankWinform\\BankWinformTest\\bin\\Debug\\netcoreapp3.1\\fine-code-coverage\\build-output\\BankWinformTest.dll"]},"RunSettings":"<RunSettings>\r\n  <RunConfiguration>\r\n    <ResultsDirectory>C:\\Users\\hp\\source\\repos\\BankWinform\\BankWinformTest\\bin\\Debug\\netcoreapp3.1\\fine-code-coverage\\coverage-tool-output</ResultsDirectory>\r\n    <TargetPlatform>X64</TargetPlatform>\r\n    <TargetFrameworkVersion>.NETCoreApp,Version=v3.1</TargetFrameworkVersion>\r\n    <DesignMode>False</DesignMode>\r\n    <CollectSourceInformation>False</CollectSourceInformation>\r\n  </RunConfiguration>\r\n  <LoggerRunSettings>\r\n    <Loggers>\r\n      <Logger friendlyName=\"blame\" enabled=\"True\" />\r\n      <Logger friendlyName=\"Console\" uri=\"logger://microsoft/TestPlatform/ConsoleLogger/v1\" assemblyQualifiedName=\"Microsoft.VisualStudio.TestPlatform.CommandLine.Internal.ConsoleLogger, vstest.console, Version=15.0.0.0, Culture=neutral, PublicKeyToken=b03f5f7f11d50a3a\" codeBase=\"C:\\Program Files\\dotnet\\sdk\\5.0.410\\vstest.console.dll\" enabled=\"True\" />\r\n    </Loggers>\r\n  </LoggerRunSettings>\r\n  <DataCollectionRunSettings>\r\n    <DataCollectors>\r\n      <DataCollector friendlyName=\"blame\" enabled=\"True\">\r\n        <Configuration>\r\n          <ResultsDirectory>C:\\Users\\hp\\source\\repos\\BankWinform\\BankWinformTest\\bin\\Debug\\netcoreapp3.1\\fine-code-coverage\\coverage-tool-output</ResultsDirectory>\r\n        </Configuration>\r\n      </DataCollector>\r\n    </DataCollectors>\r\n  </DataCollectionRunSettings>\r\n</RunSettings>","TestExecutionContext":{"FrequencyOfRunStatsChangeEvent":10,"RunStatsChangeEventTimeout":"00:00:01.5000000","InIsolation":false,"KeepAlive":false,"AreTestCaseLevelEventsRequired":false,"IsDebug":false,"TestCaseFilter":null,"FilterOptions":null},"Package":null}}
TpTrace Verbose: 0 : 23896, 14, 2022/08/05, 19:46:29.243, 173356880297, vstest.console.dll, TcpClientExtensions.MessageLoopAsync: NotifyDataAvailable remoteEndPoint: 127.0.0.1:53274 localEndPoint: 127.0.0.1:53273
TpTrace Verbose: 0 : 23896, 14, 2022/08/05, 19:46:29.244, 173356881760, vstest.console.dll, TestRequestSender.OnExecutionMessageReceived: Received message: {"Version":5,"MessageType":"TestSession.Message","Payload":{"MessageLevel":0,"Message":"[xUnit.net 00:00:00.00] xUnit.net VSTest Adapter v2.4.5+1caef2f33e (64-bit .NET Core 3.1.27)"}}
TpTrace Verbose: 0 : 23896, 14, 2022/08/05, 19:46:29.244, 173356884655, vstest.console.dll, TestRunRequest:SendTestRunMessage: Starting.
TpTrace Information: 0 : 23896, 14, 2022/08/05, 19:46:29.244, 173356885478, vstest.console.dll, TestRunRequest:SendTestRunMessage: Completed.
TpTrace Verbose: 0 : 23896, 14, 2022/08/05, 19:46:29.244, 173356885847, vstest.console.dll, TcpClientExtensions.MessageLoopAsync: Polling on remoteEndPoint: 127.0.0.1:53274 localEndPoint: 127.0.0.1:53273
TpTrace Verbose: 0 : 23896, 14, 2022/08/05, 19:46:29.593, 173360378233, vstest.console.dll, TcpClientExtensions.MessageLoopAsync: NotifyDataAvailable remoteEndPoint: 127.0.0.1:53274 localEndPoint: 127.0.0.1:53273
TpTrace Verbose: 0 : 23896, 14, 2022/08/05, 19:46:29.593, 173360379907, vstest.console.dll, TestRequestSender.OnExecutionMessageReceived: Received message: {"Version":5,"MessageType":"TestSession.Message","Payload":{"MessageLevel":0,"Message":"[xUnit.net 00:00:00.35]   Discovering: BankWinformTest"}}
TpTrace Verbose: 0 : 23896, 14, 2022/08/05, 19:46:29.594, 173360382749, vstest.console.dll, TestRunRequest:SendTestRunMessage: Starting.
TpTrace Information: 0 : 23896, 14, 2022/08/05, 19:46:29.594, 173360383472, vstest.console.dll, TestRunRequest:SendTestRunMessage: Completed.
TpTrace Verbose: 0 : 23896, 14, 2022/08/05, 19:46:29.594, 173360383844, vstest.console.dll, TcpClientExtensions.MessageLoopAsync: Polling on remoteEndPoint: 127.0.0.1:53274 localEndPoint: 127.0.0.1:53273
TpTrace Verbose: 0 : 23896, 14, 2022/08/05, 19:46:29.646, 173360910032, vstest.console.dll, TcpClientExtensions.MessageLoopAsync: NotifyDataAvailable remoteEndPoint: 127.0.0.1:53274 localEndPoint: 127.0.0.1:53273
TpTrace Verbose: 0 : 23896, 14, 2022/08/05, 19:46:29.647, 173360912264, vstest.console.dll, TestRequestSender.OnExecutionMessageReceived: Received message: {"Version":5,"MessageType":"TestSession.Message","Payload":{"MessageLevel":0,"Message":"[xUnit.net 00:00:00.40]   Discovered:  BankWinformTest"}}
TpTrace Verbose: 0 : 23896, 14, 2022/08/05, 19:46:29.647, 173360915316, vstest.console.dll, TestRunRequest:SendTestRunMessage: Starting.
TpTrace Information: 0 : 23896, 14, 2022/08/05, 19:46:29.647, 173360916037, vstest.console.dll, TestRunRequest:SendTestRunMessage: Completed.
TpTrace Verbose: 0 : 23896, 14, 2022/08/05, 19:46:29.647, 173360916440, vstest.console.dll, TcpClientExtensions.MessageLoopAsync: Polling on remoteEndPoint: 127.0.0.1:53274 localEndPoint: 127.0.0.1:53273
TpTrace Verbose: 0 : 23896, 14, 2022/08/05, 19:46:29.652, 173360969416, vstest.console.dll, TcpClientExtensions.MessageLoopAsync: NotifyDataAvailable remoteEndPoint: 127.0.0.1:53274 localEndPoint: 127.0.0.1:53273
TpTrace Verbose: 0 : 23896, 14, 2022/08/05, 19:46:29.652, 173360970965, vstest.console.dll, TestRequestSender.OnExecutionMessageReceived: Received message: {"Version":5,"MessageType":"TestSession.Message","Payload":{"MessageLevel":0,"Message":"[xUnit.net 00:00:00.41]   Starting:    BankWinformTest"}}
TpTrace Verbose: 0 : 23896, 14, 2022/08/05, 19:46:29.653, 173360972911, vstest.console.dll, TestRunRequest:SendTestRunMessage: Starting.
TpTrace Information: 0 : 23896, 14, 2022/08/05, 19:46:29.653, 173360973588, vstest.console.dll, TestRunRequest:SendTestRunMessage: Completed.
TpTrace Verbose: 0 : 23896, 14, 2022/08/05, 19:46:29.653, 173360973946, vstest.console.dll, TcpClientExtensions.MessageLoopAsync: Polling on remoteEndPoint: 127.0.0.1:53274 localEndPoint: 127.0.0.1:53273
TpTrace Verbose: 0 : 23896, 14, 2022/08/05, 19:46:29.794, 173362383167, vstest.console.dll, TcpClientExtensions.MessageLoopAsync: NotifyDataAvailable remoteEndPoint: 127.0.0.1:53274 localEndPoint: 127.0.0.1:53273
TpTrace Verbose: 0 : 23896, 14, 2022/08/05, 19:46:29.794, 173362385183, vstest.console.dll, TestRequestSender.OnExecutionMessageReceived: Received message: {"Version":5,"MessageType":"TestExecution.StatsChange","Payload":{"NewTestResults":[{"TestCase":{"Id":"f2f3f09d-4cd3-dc0e-bc0d-f8f89dfb965a","FullyQualifiedName":"BankWinformTest.UtilityTest.Test1","DisplayName":"BankWinformTest.UtilityTest.Test1","ExecutorUri":"executor://xunit/VsTestRunner2/netcoreapp","Source":"C:\\Users\\hp\\source\\repos\\BankWinform\\BankWinformTest\\bin\\Debug\\netcoreapp3.1\\fine-code-coverage\\build-output\\BankWinformTest.dll","CodeFilePath":null,"LineNumber":0,"Properties":[]},"Attachments":[],"Outcome":1,"ErrorMessage":null,"ErrorStackTrace":null,"DisplayName":"BankWinformTest.UtilityTest.Test1","Messages":[],"ComputerName":"LAPTOP-GAA1RH4E","Duration":"00:00:00.0048852","StartTime":"2022-08-05T18:46:29.7493918+00:00","EndTime":"2022-08-05T18:46:29.749455+00:00","Properties":[]},{"TestCase":{"Id":"89b95e26-ad09-24cc-fbac-8ad76e2c58e7","FullyQualifiedName":"BankWinformTest.ValidatorTest.Test1","DisplayName":"BankWinformTest.ValidatorTest.Test1(email: \"abcd@gmail.com\", expected: True)","ExecutorUri":"executor://xunit/VsTestRunner2/netcoreapp","Source":"C:\\Users\\hp\\source\\repos\\BankWinform\\BankWinformTest\\bin\\Debug\\netcoreapp3.1\\fine-code-coverage\\build-output\\BankWinformTest.dll","CodeFilePath":null,"LineNumber":0,"Properties":[]},"Attachments":[],"Outcome":1,"ErrorMessage":null,"ErrorStackTrace":null,"DisplayName":"BankWinformTest.ValidatorTest.Test1(email: \"abcd@gmail.com\", expected: True)","Messages":[],"ComputerName":"LAPTOP-GAA1RH4E","Duration":"00:00:00.0340300","StartTime":"2022-08-05T18:46:29.7655263+00:00","EndTime":"2022-08-05T18:46:29.7655281+00:00","Properties":[]},{"TestCase":{"Id":"01d729a9-d4ee-cafa-a2dc-436a888deb43","FullyQualifiedName":"BankWinformTest.ValidatorTest.Test1","DisplayName":"BankWinformTest.ValidatorTest.Test1(email: \"adedimejiyahoo.com\", expected: False)","ExecutorUri":"executor://xunit/VsTestRunner2/netcoreapp","Source":"C:\\Users\\hp\\source\\repos\\BankWinform\\BankWinformTest\\bin\\Debug\\netcoreapp3.1\\fine-code-coverage\\build-output\\BankWinformTest.dll","CodeFilePath":null,"LineNumber":0,"Properties":[]},"Attachments":[],"Outcome":1,"ErrorMessage":null,"ErrorStackTrace":null,"DisplayName":"BankWinformTest.ValidatorTest.Test1(email: \"adedimejiyahoo.com\", expected: False)","Messages":[],"ComputerName":"LAPTOP-GAA1RH4E","Duration":"00:00:00.0016790","StartTime":"2022-08-05T18:46:29.7684146+00:00","EndTime":"2022-08-05T18:46:29.7684156+00:00","Properties":[]},{"TestCase":{"Id":"7d893785-a90e-4e8a-19ae-4b18cf84b463","FullyQualifiedName":"BankWinformTest.ValidatorTest.Test1","DisplayName":"BankWinformTest.ValidatorTest.Test1(email: \"adedimeji@yahoocom\", expected: False)","ExecutorUri":"executor://xunit/VsTestRunner2/netcoreapp","Source":"C:\\Users\\hp\\source\\repos\\BankWinform\\BankWinformTest\\bin\\Debug\\netcoreapp3.1\\fine-code-coverage\\build-output\\BankWinformTest.dll","CodeFilePath":null,"LineNumber":0,"Properties":[]},"Attachments":[],"Outcome":1,"ErrorMessage":null,"ErrorStackTrace":null,"DisplayName":"BankWinformTest.ValidatorTest.Test1(email: \"adedimeji@yahoocom\", expected: False)","Messages":[],"ComputerName":"LAPTOP-GAA1RH4E","Duration":"00:00:00.0009171","StartTime":"2022-08-05T18:46:29.7701272+00:00","EndTime":"2022-08-05T18:46:29.7701277+00:00","Properties":[]},{"TestCase":{"Id":"3434b3ed-b40b-742c-ad2e-1eb21c7a78ad","FullyQualifiedName":"BankWinformTest.ValidatorTest.Test1","DisplayName":"BankWinformTest.ValidatorTest.Test1(email: \"adedimeji@yahoo.com\", expected: True)","ExecutorUri":"executor://xunit/VsTestRunner2/netcoreapp","Source":"C:\\Users\\hp\\source\\repos\\BankWinform\\BankWinformTest\\bin\\Debug\\netcoreapp3.1\\fine-code-coverage\\build-output\\BankWinformTest.dll","CodeFilePath":null,"LineNumber":0,"Properties":[]},"Attachments":[],"Outcome":1,"ErrorMessage":null,"ErrorStackTrace":null,"DisplayName":"BankWinformTest.ValidatorTest.Test1(email: \"adedimeji@yahoo.com\", expected: True)","Messages":[],"ComputerName":"LAPTOP-GAA1RH4E","Duration":"00:00:00.0008965","StartTime":"2022-08-05T18:46:29.7718576+00:00","EndTime":"2022-08-05T18:46:29.7718583+00:00","Properties":[]},{"TestCase":{"Id":"6b901a44-ecdf-a61c-d118-2cf4d8757e49","FullyQualifiedName":"BankWinformTest.ValidatorTest.Test2","DisplayName":"BankWinformTest.ValidatorTest.Test2(name: \"D\", expected: False)","ExecutorUri":"executor://xunit/VsTestRunner2/netcoreapp","Source":"C:\\Users\\hp\\source\\repos\\BankWinform\\BankWinformTest\\bin\\Debug\\netcoreapp3.1\\fine-code-coverage\\build-output\\BankWinformTest.dll","CodeFilePath":null,"LineNumber":0,"Properties":[]},"Attachments":[],"Outcome":1,"ErrorMessage":null,"ErrorStackTrace":null,"DisplayName":"BankWinformTest.ValidatorTest.Test2(name: \"D\", expected: False)","Messages":[],"ComputerName":"LAPTOP-GAA1RH4E","Duration":"00:00:00.0017531","StartTime":"2022-08-05T18:46:29.7733966+00:00","EndTime":"2022-08-05T18:46:29.7733972+00:00","Properties":[]}],"TestRunStatistics":{"ExecutedTests":6,"Stats":{"Passed":6}},"ActiveTests":[{"Id":"c46ffd95-94af-721c-1174-07ba1b54933c","FullyQualifiedName":"BankWinformTest.BankServiceTest.ShouldAddBank","DisplayName":"BankWinformTest.BankServiceTest.ShouldAddBank","ExecutorUri":"executor://xunit/VsTestRunner2/netcoreapp","Source":"C:\\Users\\hp\\source\\repos\\BankWinform\\BankWinformTest\\bin\\Debug\\netcoreapp3.1\\fine-code-coverage\\build-output\\BankWinformTest.dll","CodeFilePath":null,"LineNumber":0,"Properties":[]},{"Id":"545c5159-6711-61cc-dce5-4748cc7d0696","FullyQualifiedName":"BankWinformTest.AccountServiceTest.ShouldAddTransaction","DisplayName":"BankWinformTest.AccountServiceTest.ShouldAddTransaction","ExecutorUri":"executor://xunit/VsTestRunner2/netcoreapp","Source":"C:\\Users\\hp\\source\\repos\\BankWinform\\BankWinformTest\\bin\\Debug\\netcoreapp3.1\\fine-code-coverage\\build-output\\BankWinformTest.dll","CodeFilePath":null,"LineNumber":0,"Properties":[]},{"Id":"d8e9823b-ddb3-cd12-61f4-a3b984f87c05","FullyQualifiedName":"BankWinformTest.UserServiceTest.ShouldRegisterUser","DisplayName":"BankWinformTest.UserServiceTest.ShouldRegisterUser","ExecutorUri":"executor://xunit/VsTestRunner2/netcoreapp","Source":"C:\\Users\\hp\\source\\repos\\BankWinform\\BankWinformTest\\bin\\Debug\\netcoreapp3.1\\fine-code-coverage\\build-output\\BankWinformTest.dll","CodeFilePath":null,"LineNumber":0,"Properties":[]},{"Id":"b986604d-3639-960b-98fc-6dfe83c7da65","FullyQualifiedName":"BankWinformTest.ValidatorTest.Test2","DisplayName":"BankWinformTest.ValidatorTest.Test2(name: \"Adedimeji\", expected: True)","ExecutorUri":"executor://xunit/VsTestRunner2/netcoreapp","Source":"C:\\Users\\hp\\source\\repos\\BankWinform\\BankWinformTest\\bin\\Debug\\netcoreapp3.1\\fine-code-coverage\\build-output\\BankWinformTest.dll","CodeFilePath":null,"LineNumber":0,"Properties":[]}]}}
TpTrace Verbose: 0 : 23896, 14, 2022/08/05, 19:46:29.818, 173362623030, vstest.console.dll, TestRunRequest:SendTestRunStatsChange: Starting.
TpTrace Verbose: 0 : 23896, 14, 2022/08/05, 19:46:29.818, 173362624537, vstest.console.dll, InProgress is BankWinformTest.BankServiceTest.ShouldAddBank
TpTrace Verbose: 0 : 23896, 14, 2022/08/05, 19:46:29.818, 173362624795, vstest.console.dll, InProgress is BankWinformTest.AccountServiceTest.ShouldAddTransaction
TpTrace Verbose: 0 : 23896, 14, 2022/08/05, 19:46:29.818, 173362625005, vstest.console.dll, InProgress is BankWinformTest.UserServiceTest.ShouldRegisterUser
TpTrace Verbose: 0 : 23896, 14, 2022/08/05, 19:46:29.818, 173362625186, vstest.console.dll, InProgress is BankWinformTest.ValidatorTest.Test2(name: "Adedimeji", expected: True)
TpTrace Information: 0 : 23896, 14, 2022/08/05, 19:46:29.818, 173362626677, vstest.console.dll, TestRunRequest:SendTestRunStatsChange: Completed.
TpTrace Verbose: 0 : 23896, 14, 2022/08/05, 19:46:29.818, 173362627132, vstest.console.dll, TcpClientExtensions.MessageLoopAsync: Polling on remoteEndPoint: 127.0.0.1:53274 localEndPoint: 127.0.0.1:53273
TpTrace Verbose: 0 : 23896, 14, 2022/08/05, 19:46:29.818, 173362627553, vstest.console.dll, TcpClientExtensions.MessageLoopAsync: NotifyDataAvailable remoteEndPoint: 127.0.0.1:53274 localEndPoint: 127.0.0.1:53273
TpTrace Verbose: 0 : 23896, 14, 2022/08/05, 19:46:29.818, 173362628345, vstest.console.dll, TestRequestSender.OnExecutionMessageReceived: Received message: {"Version":5,"MessageType":"TestExecution.StatsChange","Payload":{"NewTestResults":[{"TestCase":{"Id":"b986604d-3639-960b-98fc-6dfe83c7da65","FullyQualifiedName":"BankWinformTest.ValidatorTest.Test2","DisplayName":"BankWinformTest.ValidatorTest.Test2(name: \"Adedimeji\", expected: True)","ExecutorUri":"executor://xunit/VsTestRunner2/netcoreapp","Source":"C:\\Users\\hp\\source\\repos\\BankWinform\\BankWinformTest\\bin\\Debug\\netcoreapp3.1\\fine-code-coverage\\build-output\\BankWinformTest.dll","CodeFilePath":null,"LineNumber":0,"Properties":[]},"Attachments":[],"Outcome":1,"ErrorMessage":null,"ErrorStackTrace":null,"DisplayName":"BankWinformTest.ValidatorTest.Test2(name: \"Adedimeji\", expected: True)","Messages":[],"ComputerName":"LAPTOP-GAA1RH4E","Duration":"00:00:00.0009222","StartTime":"2022-08-05T18:46:29.7951512+00:00","EndTime":"2022-08-05T18:46:29.7951524+00:00","Properties":[]},{"TestCase":{"Id":"096f4246-0a64-eb3b-55bd-6e6568ad3cd2","FullyQualifiedName":"BankWinformTest.ValidatorTest.Test2","DisplayName":"BankWinformTest.ValidatorTest.Test2(name: \"adedimeji\", expected: False)","ExecutorUri":"executor://xunit/VsTestRunner2/netcoreapp","Source":"C:\\Users\\hp\\source\\repos\\BankWinform\\BankWinformTest\\bin\\Debug\\netcoreapp3.1\\fine-code-coverage\\build-output\\BankWinformTest.dll","CodeFilePath":null,"LineNumber":0,"Properties":[]},"Attachments":[],"Outcome":1,"ErrorMessage":null,"ErrorStackTrace":null,"DisplayName":"BankWinformTest.ValidatorTest.Test2(name: \"adedimeji\", expected: False)","Messages":[],"ComputerName":"LAPTOP-GAA1RH4E","Duration":"00:00:00.0006550","StartTime":"2022-08-05T18:46:29.7970338+00:00","EndTime":"2022-08-05T18:46:29.7970346+00:00","Properties":[]},{"TestCase":{"Id":"41fda9ae-e749-bb55-8c00-cdea3cade324","FullyQualifiedName":"BankWinformTest.ValidatorTest.Test2","DisplayName":"BankWinformTest.ValidatorTest.Test2(name: \"2adedimeji\", expected: False)","ExecutorUri":"executor://xunit/VsTestRunner2/netcoreapp","Source":"C:\\Users\\hp\\source\\repos\\BankWinform\\BankWinformTest\\bin\\Debug\\netcoreapp3.1\\fine-code-coverage\\build-output\\BankWinformTest.dll","CodeFilePath":null,"LineNumber":0,"Properties":[]},"Attachments":[],"Outcome":1,"ErrorMessage":null,"ErrorStackTrace":null,"DisplayName":"BankWinformTest.ValidatorTest.Test2(name: \"2adedimeji\", expected: False)","Messages":[],"ComputerName":"LAPTOP-GAA1RH4E","Duration":"00:00:00.0006747","StartTime":"2022-08-05T18:46:29.7982881+00:00","EndTime":"2022-08-05T18:46:29.7982887+00:00","Properties":[]},{"TestCase":{"Id":"9024cdfc-dde8-c4a1-3da5-8d42cbb5baa0","FullyQualifiedName":"BankWinformTest.ValidatorTest.Test3","DisplayName":"BankWinformTest.ValidatorTest.Test3(password: \"2adedimeji\", expected: False)","ExecutorUri":"executor://xunit/VsTestRunner2/netcoreapp","Source":"C:\\Users\\hp\\source\\repos\\BankWinform\\BankWinformTest\\bin\\Debug\\netcoreapp3.1\\fine-code-coverage\\build-output\\BankWinformTest.dll","CodeFilePath":null,"LineNumber":0,"Properties":[]},"Attachments":[],"Outcome":1,"ErrorMessage":null,"ErrorStackTrace":null,"DisplayName":"BankWinformTest.ValidatorTest.Test3(password: \"2adedimeji\", expected: False)","Messages":[],"ComputerName":"LAPTOP-GAA1RH4E","Duration":"00:00:00.0033173","StartTime":"2022-08-05T18:46:29.7995344+00:00","EndTime":"2022-08-05T18:46:29.7995351+00:00","Properties":[]},{"TestCase":{"Id":"7bb8a581-adf8-dc3d-3a2e-ea9350a1c3a8","FullyQualifiedName":"BankWinformTest.ValidatorTest.Test3","DisplayName":"BankWinformTest.ValidatorTest.Test3(password: \"Adedime ji@2\", expected: False)","ExecutorUri":"executor://xunit/VsTestRunner2/netcoreapp","Source":"C:\\Users\\hp\\source\\repos\\BankWinform\\BankWinformTest\\bin\\Debug\\netcoreapp3.1\\fine-code-coverage\\build-output\\BankWinformTest.dll","CodeFilePath":null,"LineNumber":0,"Properties":[]},"Attachments":[],"Outcome":1,"ErrorMessage":null,"ErrorStackTrace":null,"DisplayName":"BankWinformTest.ValidatorTest.Test3(password: \"Adedime ji@2\", expected: False)","Messages":[],"ComputerName":"LAPTOP-GAA1RH4E","Duration":"00:00:00.0008904","StartTime":"2022-08-05T18:46:29.8007403+00:00","EndTime":"2022-08-05T18:46:29.8007409+00:00","Properties":[]},{"TestCase":{"Id":"f14e3af7-cfc4-0688-7a07-b16172ccf33f","FullyQualifiedName":"BankWinformTest.ValidatorTest.Test3","DisplayName":"BankWinformTest.ValidatorTest.Test3(password: \"Adedimeji@2\", expected: True)","ExecutorUri":"executor://xunit/VsTestRunner2/netcoreapp","Source":"C:\\Users\\hp\\source\\repos\\BankWinform\\BankWinformTest\\bin\\Debug\\netcoreapp3.1\\fine-code-coverage\\build-output\\BankWinformTest.dll","CodeFilePath":null,"LineNumber":0,"Properties":[]},"Attachments":[],"Outcome":1,"ErrorMessage":null,"ErrorStackTrace":null,"DisplayName":"BankWinformTest.ValidatorTest.Test3(password: \"Adedimeji@2\", expected: True)","Messages":[],"ComputerName":"LAPTOP-GAA1RH4E","Duration":"00:00:00.0006700","StartTime":"2022-08-05T18:46:29.8021914+00:00","EndTime":"2022-08-05T18:46:29.8021919+00:00","Properties":[]},{"TestCase":{"Id":"ff5c3924-0f84-2296-f82f-f927477d2a89","FullyQualifiedName":"BankWinformTest.ValidatorTest.Test3","DisplayName":"BankWinformTest.ValidatorTest.Test3(password: \"\", expected: False)","ExecutorUri":"executor://xunit/VsTestRunner2/netcoreapp","Source":"C:\\Users\\hp\\source\\repos\\BankWinform\\BankWinformTest\\bin\\Debug\\netcoreapp3.1\\fine-code-coverage\\build-output\\BankWinformTest.dll","CodeFilePath":null,"LineNumber":0,"Properties":[]},"Attachments":[],"Outcome":1,"ErrorMessage":null,"ErrorStackTrace":null,"DisplayName":"BankWinformTest.ValidatorTest.Test3(password: \"\", expected: False)","Messages":[],"ComputerName":"LAPTOP-GAA1RH4E","Duration":"00:00:00.0006105","StartTime":"2022-08-05T18:46:29.8059992+00:00","EndTime":"2022-08-05T18:46:29.8060007+00:00","Properties":[]},{"TestCase":{"Id":"66036844-3cfd-3ed8-8c7e-4259aabcadf0","FullyQualifiedName":"BankWinformTest.ValidatorTest.Test3","DisplayName":"BankWinformTest.ValidatorTest.Test3(password: \"Adedimeji\", expected: False)","ExecutorUri":"executor://xunit/VsTestRunner2/netcoreapp","Source":"C:\\Users\\hp\\source\\repos\\BankWinform\\BankWinformTest\\bin\\Debug\\netcoreapp3.1\\fine-code-coverage\\build-output\\BankWinformTest.dll","CodeFilePath":null,"LineNumber":0,"Properties":[]},"Attachments":[],"Outcome":1,"ErrorMessage":null,"ErrorStackTrace":null,"DisplayName":"BankWinformTest.ValidatorTest.Test3(password: \"Adedimeji\", expected: False)","Messages":[],"ComputerName":"LAPTOP-GAA1RH4E","Duration":"00:00:00.0006056","StartTime":"2022-08-05T18:46:29.8077253+00:00","EndTime":"2022-08-05T18:46:29.8077262+00:00","Properties":[]},{"TestCase":{"Id":"99346143-7328-f12a-5889-01fb8cc27dd1","FullyQualifiedName":"BankWinformTest.ValidatorTest.Test3","DisplayName":"BankWinformTest.ValidatorTest.Test3(password: \"D\", expected: False)","ExecutorUri":"executor://xunit/VsTestRunner2/netcoreapp","Source":"C:\\Users\\hp\\source\\repos\\BankWinform\\BankWinformTest\\bin\\Debug\\netcoreapp3.1\\fine-code-coverage\\build-output\\BankWinformTest.dll","CodeFilePath":null,"LineNumber":0,"Properties":[]},"Attachments":[],"Outcome":1,"ErrorMessage":null,"ErrorStackTrace":null,"DisplayName":"BankWinformTest.ValidatorTest.Test3(password: \"D\", expected: False)","Messages":[],"ComputerName":"LAPTOP-GAA1RH4E","Duration":"00:00:00.0006070","StartTime":"2022-08-05T18:46:29.8094397+00:00","EndTime":"2022-08-05T18:46:29.8094407+00:00","Properties":[]}],"TestRunStatistics":{"ExecutedTests":15,"Stats":{"Passed":15}},"ActiveTests":[{"Id":"b51d1650-dc81-76c5-f63d-87e313116f24","FullyQualifiedName":"BankWinformTest.ValidatorTest.Test3","DisplayName":"BankWinformTest.ValidatorTest.Test3(password: \"adedimeji\", expected: False)","ExecutorUri":"executor://xunit/VsTestRunner2/netcoreapp","Source":"C:\\Users\\hp\\source\\repos\\BankWinform\\BankWinformTest\\bin\\Debug\\netcoreapp3.1\\fine-code-coverage\\build-output\\BankWinformTest.dll","CodeFilePath":null,"LineNumber":0,"Properties":[]}]}}
TpTrace Verbose: 0 : 23896, 14, 2022/08/05, 19:46:29.819, 173362640872, vstest.console.dll, TestRunRequest:SendTestRunStatsChange: Starting.
TpTrace Verbose: 0 : 23896, 14, 2022/08/05, 19:46:29.820, 173362641865, vstest.console.dll, InProgress is BankWinformTest.ValidatorTest.Test3(password: "adedimeji", expected: False)
TpTrace Information: 0 : 23896, 14, 2022/08/05, 19:46:29.820, 173362642418, vstest.console.dll, TestRunRequest:SendTestRunStatsChange: Completed.
TpTrace Verbose: 0 : 23896, 14, 2022/08/05, 19:46:29.820, 173362642760, vstest.console.dll, TcpClientExtensions.MessageLoopAsync: Polling on remoteEndPoint: 127.0.0.1:53274 localEndPoint: 127.0.0.1:53273
TpTrace Verbose: 0 : 23896, 14, 2022/08/05, 19:46:29.831, 173362751957, vstest.console.dll, TcpClientExtensions.MessageLoopAsync: NotifyDataAvailable remoteEndPoint: 127.0.0.1:53274 localEndPoint: 127.0.0.1:53273
TpTrace Verbose: 0 : 23896, 14, 2022/08/05, 19:46:29.831, 173362753580, vstest.console.dll, TestRequestSender.OnExecutionMessageReceived: Received message: {"Version":5,"MessageType":"TestExecution.StatsChange","Payload":{"NewTestResults":[{"TestCase":{"Id":"b51d1650-dc81-76c5-f63d-87e313116f24","FullyQualifiedName":"BankWinformTest.ValidatorTest.Test3","DisplayName":"BankWinformTest.ValidatorTest.Test3(password: \"adedimeji\", expected: False)","ExecutorUri":"executor://xunit/VsTestRunner2/netcoreapp","Source":"C:\\Users\\hp\\source\\repos\\BankWinform\\BankWinformTest\\bin\\Debug\\netcoreapp3.1\\fine-code-coverage\\build-output\\BankWinformTest.dll","CodeFilePath":null,"LineNumber":0,"Properties":[]},"Attachments":[],"Outcome":1,"ErrorMessage":null,"ErrorStackTrace":null,"DisplayName":"BankWinformTest.ValidatorTest.Test3(password: \"adedimeji\", expected: False)","Messages":[],"ComputerName":"LAPTOP-GAA1RH4E","Duration":"00:00:00.0006040","StartTime":"2022-08-05T18:46:29.8123239+00:00","EndTime":"2022-08-05T18:46:29.8123248+00:00","Properties":[]},{"TestCase":{"Id":"c46ffd95-94af-721c-1174-07ba1b54933c","FullyQualifiedName":"BankWinformTest.BankServiceTest.ShouldAddBank","DisplayName":"BankWinformTest.BankServiceTest.ShouldAddBank","ExecutorUri":"executor://xunit/VsTestRunner2/netcoreapp","Source":"C:\\Users\\hp\\source\\repos\\BankWinform\\BankWinformTest\\bin\\Debug\\netcoreapp3.1\\fine-code-coverage\\build-output\\BankWinformTest.dll","CodeFilePath":null,"LineNumber":0,"Properties":[]},"Attachments":[],"Outcome":1,"ErrorMessage":null,"ErrorStackTrace":null,"DisplayName":"BankWinformTest.BankServiceTest.ShouldAddBank","Messages":[],"ComputerName":"LAPTOP-GAA1RH4E","Duration":"00:00:00.0827345","StartTime":"2022-08-05T18:46:29.8141682+00:00","EndTime":"2022-08-05T18:46:29.81417+00:00","Properties":[]},{"TestCase":{"Id":"545c5159-6711-61cc-dce5-4748cc7d0696","FullyQualifiedName":"BankWinformTest.AccountServiceTest.ShouldAddTransaction","DisplayName":"BankWinformTest.AccountServiceTest.ShouldAddTransaction","ExecutorUri":"executor://xunit/VsTestRunner2/netcoreapp","Source":"C:\\Users\\hp\\source\\repos\\BankWinform\\BankWinformTest\\bin\\Debug\\netcoreapp3.1\\fine-code-coverage\\build-output\\BankWinformTest.dll","CodeFilePath":null,"LineNumber":0,"Properties":[]},"Attachments":[],"Outcome":1,"ErrorMessage":null,"ErrorStackTrace":null,"DisplayName":"BankWinformTest.AccountServiceTest.ShouldAddTransaction","Messages":[],"ComputerName":"LAPTOP-GAA1RH4E","Duration":"00:00:00.0828023","StartTime":"2022-08-05T18:46:29.8198505+00:00","EndTime":"2022-08-05T18:46:29.8198524+00:00","Properties":[]},{"TestCase":{"Id":"d8e9823b-ddb3-cd12-61f4-a3b984f87c05","FullyQualifiedName":"BankWinformTest.UserServiceTest.ShouldRegisterUser","DisplayName":"BankWinformTest.UserServiceTest.ShouldRegisterUser","ExecutorUri":"executor://xunit/VsTestRunner2/netcoreapp","Source":"C:\\Users\\hp\\source\\repos\\BankWinform\\BankWinformTest\\bin\\Debug\\netcoreapp3.1\\fine-code-coverage\\build-output\\BankWinformTest.dll","CodeFilePath":null,"LineNumber":0,"Properties":[]},"Attachments":[],"Outcome":1,"ErrorMessage":null,"ErrorStackTrace":null,"DisplayName":"BankWinformTest.UserServiceTest.ShouldRegisterUser","Messages":[],"ComputerName":"LAPTOP-GAA1RH4E","Duration":"00:00:00.0829088","StartTime":"2022-08-05T18:46:29.8228483+00:00","EndTime":"2022-08-05T18:46:29.8228493+00:00","Properties":[]},{"TestCase":{"Id":"45bbb0f5-f3b9-4ba3-c10a-fd97b620cf1c","FullyQualifiedName":"BankWinformTest.AccountServiceTest.ShouldThrowAddTransactionException","DisplayName":"BankWinformTest.AccountServiceTest.ShouldThrowAddTransactionException","ExecutorUri":"executor://xunit/VsTestRunner2/netcoreapp","Source":"C:\\Users\\hp\\source\\repos\\BankWinform\\BankWinformTest\\bin\\Debug\\netcoreapp3.1\\fine-code-coverage\\build-output\\BankWinformTest.dll","CodeFilePath":null,"LineNumber":0,"Properties":[]},"Attachments":[],"Outcome":1,"ErrorMessage":null,"ErrorStackTrace":null,"DisplayName":"BankWinformTest.AccountServiceTest.ShouldThrowAddTransactionException","Messages":[],"ComputerName":"LAPTOP-GAA1RH4E","Duration":"00:00:00.0071695","StartTime":"2022-08-05T18:46:29.8248143+00:00","EndTime":"2022-08-05T18:46:29.8248158+00:00","Properties":[]},{"TestCase":{"Id":"b1c4d71d-8be1-4af8-06c4-896a51a9327a","FullyQualifiedName":"BankWinformTest.BankServiceTest.ShouldVerifyAccountDetailsAndReturnTrue","DisplayName":"BankWinformTest.BankServiceTest.ShouldVerifyAccountDetailsAndReturnTrue","ExecutorUri":"executor://xunit/VsTestRunner2/netcoreapp","Source":"C:\\Users\\hp\\source\\repos\\BankWinform\\BankWinformTest\\bin\\Debug\\netcoreapp3.1\\fine-code-coverage\\build-output\\BankWinformTest.dll","CodeFilePath":null,"LineNumber":0,"Properties":[]},"Attachments":[],"Outcome":1,"ErrorMessage":null,"ErrorStackTrace":null,"DisplayName":"BankWinformTest.BankServiceTest.ShouldVerifyAccountDetailsAndReturnTrue","Messages":[],"ComputerName":"LAPTOP-GAA1RH4E","Duration":"00:00:00.0072824","StartTime":"2022-08-05T18:46:29.8267697+00:00","EndTime":"2022-08-05T18:46:29.8267704+00:00","Properties":[]},{"TestCase":{"Id":"d8c12025-78d7-68c3-83f4-c2d75963929c","FullyQualifiedName":"BankWinformTest.AccountServiceTest.ShouldWithdrawAndReturnTrue","DisplayName":"BankWinformTest.AccountServiceTest.ShouldWithdrawAndReturnTrue","ExecutorUri":"executor://xunit/VsTestRunner2/netcoreapp","Source":"C:\\Users\\hp\\source\\repos\\BankWinform\\BankWinformTest\\bin\\Debug\\netcoreapp3.1\\fine-code-coverage\\build-output\\BankWinformTest.dll","CodeFilePath":null,"LineNumber":0,"Properties":[]},"Attachments":[],"Outcome":1,"ErrorMessage":null,"ErrorStackTrace":null,"DisplayName":"BankWinformTest.AccountServiceTest.ShouldWithdrawAndReturnTrue","Messages":[],"ComputerName":"LAPTOP-GAA1RH4E","Duration":"00:00:00.0041479","StartTime":"2022-08-05T18:46:29.8276241+00:00","EndTime":"2022-08-05T18:46:29.8276246+00:00","Properties":[]},{"TestCase":{"Id":"91744fa1-f476-ba98-3a74-d0dcaa43a66b","FullyQualifiedName":"BankWinformTest.AccountServiceTest.ShouldDepositAndReturnTrue","DisplayName":"BankWinformTest.AccountServiceTest.ShouldDepositAndReturnTrue","ExecutorUri":"executor://xunit/VsTestRunner2/netcoreapp","Source":"C:\\Users\\hp\\source\\repos\\BankWinform\\BankWinformTest\\bin\\Debug\\netcoreapp3.1\\fine-code-coverage\\build-output\\BankWinformTest.dll","CodeFilePath":null,"LineNumber":0,"Properties":[]},"Attachments":[],"Outcome":1,"ErrorMessage":null,"ErrorStackTrace":null,"DisplayName":"BankWinformTest.AccountServiceTest.ShouldDepositAndReturnTrue","Messages":[],"ComputerName":"LAPTOP-GAA1RH4E","Duration":"00:00:00.0023913","StartTime":"2022-08-05T18:46:29.8291426+00:00","EndTime":"2022-08-05T18:46:29.8291437+00:00","Properties":[]}],"TestRunStatistics":{"ExecutedTests":23,"Stats":{"Passed":23}},"ActiveTests":[{"Id":"6e18ef48-a1dc-59c6-01b4-1162d9aadfc0","FullyQualifiedName":"BankWinformTest.UserServiceTest.ShouldReturnUserWhenlogin","DisplayName":"BankWinformTest.UserServiceTest.ShouldReturnUserWhenlogin","ExecutorUri":"executor://xunit/VsTestRunner2/netcoreapp","Source":"C:\\Users\\hp\\source\\repos\\BankWinform\\BankWinformTest\\bin\\Debug\\netcoreapp3.1\\fine-code-coverage\\build-output\\BankWinformTest.dll","CodeFilePath":null,"LineNumber":0,"Properties":[]},{"Id":"22c7f88c-f891-612b-ba6b-1f903796aea8","FullyQualifiedName":"BankWinformTest.AccountServiceTest.ShouldGetBalanceOFGivenAccount","DisplayName":"BankWinformTest.AccountServiceTest.ShouldGetBalanceOFGivenAccount(actual: \"678000890678\", expected: 5000)","ExecutorUri":"executor://xunit/VsTestRunner2/netcoreapp","Source":"C:\\Users\\hp\\source\\repos\\BankWinform\\BankWinformTest\\bin\\Debug\\netcoreapp3.1\\fine-code-coverage\\build-output\\BankWinformTest.dll","CodeFilePath":null,"LineNumber":0,"Properties":[]}]}}
TpTrace Verbose: 0 : 23896, 14, 2022/08/05, 19:46:29.832, 173362765125, vstest.console.dll, TestRunRequest:SendTestRunStatsChange: Starting.
TpTrace Verbose: 0 : 23896, 14, 2022/08/05, 19:46:29.832, 173362765603, vstest.console.dll, InProgress is BankWinformTest.UserServiceTest.ShouldReturnUserWhenlogin
TpTrace Verbose: 0 : 23896, 14, 2022/08/05, 19:46:29.832, 173362765801, vstest.console.dll, InProgress is BankWinformTest.AccountServiceTest.ShouldGetBalanceOFGivenAccount(actual: "678000890678", expected: 5000)
TpTrace Information: 0 : 23896, 14, 2022/08/05, 19:46:29.832, 173362766163, vstest.console.dll, TestRunRequest:SendTestRunStatsChange: Completed.
TpTrace Verbose: 0 : 23896, 14, 2022/08/05, 19:46:29.832, 173362766439, vstest.console.dll, TcpClientExtensions.MessageLoopAsync: Polling on remoteEndPoint: 127.0.0.1:53274 localEndPoint: 127.0.0.1:53273
TpTrace Verbose: 0 : 23896, 14, 2022/08/05, 19:46:29.846, 173362907282, vstest.console.dll, TcpClientExtensions.MessageLoopAsync: NotifyDataAvailable remoteEndPoint: 127.0.0.1:53274 localEndPoint: 127.0.0.1:53273
TpTrace Verbose: 0 : 23896, 14, 2022/08/05, 19:46:29.846, 173362908571, vstest.console.dll, TestRequestSender.OnExecutionMessageReceived: Received message: {"Version":5,"MessageType":"TestSession.Message","Payload":{"MessageLevel":2,"Message":"[xUnit.net 00:00:00.60]     BankWinformTest.UserServiceTest.ShouldReturnUserWhenlogin [FAIL]"}}
TpTrace Verbose: 0 : 23896, 14, 2022/08/05, 19:46:29.846, 173362909870, vstest.console.dll, TestRunRequest:SendTestRunMessage: Starting.
TpTrace Information: 0 : 23896, 14, 2022/08/05, 19:46:29.846, 173362910223, vstest.console.dll, TestRunRequest:SendTestRunMessage: Completed.
TpTrace Verbose: 0 : 23896, 14, 2022/08/05, 19:46:29.846, 173362910420, vstest.console.dll, TcpClientExtensions.MessageLoopAsync: Polling on remoteEndPoint: 127.0.0.1:53274 localEndPoint: 127.0.0.1:53273
TpTrace Verbose: 0 : 23896, 14, 2022/08/05, 19:46:29.847, 173362916017, vstest.console.dll, TcpClientExtensions.MessageLoopAsync: NotifyDataAvailable remoteEndPoint: 127.0.0.1:53274 localEndPoint: 127.0.0.1:53273
TpTrace Verbose: 0 : 23896, 14, 2022/08/05, 19:46:29.847, 173362917095, vstest.console.dll, TestRequestSender.OnExecutionMessageReceived: Received message: {"Version":5,"MessageType":"TestSession.Message","Payload":{"MessageLevel":0,"Message":"[xUnit.net 00:00:00.60]       Assert.True() Failure"}}
TpTrace Verbose: 0 : 23896, 14, 2022/08/05, 19:46:29.847, 173362918227, vstest.console.dll, TestRunRequest:SendTestRunMessage: Starting.
TpTrace Information: 0 : 23896, 14, 2022/08/05, 19:46:29.847, 173362918611, vstest.console.dll, TestRunRequest:SendTestRunMessage: Completed.
TpTrace Verbose: 0 : 23896, 14, 2022/08/05, 19:46:29.847, 173362918831, vstest.console.dll, TcpClientExtensions.MessageLoopAsync: Polling on remoteEndPoint: 127.0.0.1:53274 localEndPoint: 127.0.0.1:53273
TpTrace Verbose: 0 : 23896, 14, 2022/08/05, 19:46:29.847, 173362919096, vstest.console.dll, TcpClientExtensions.MessageLoopAsync: NotifyDataAvailable remoteEndPoint: 127.0.0.1:53274 localEndPoint: 127.0.0.1:53273
TpTrace Verbose: 0 : 23896, 14, 2022/08/05, 19:46:29.847, 173362919370, vstest.console.dll, TestRequestSender.OnExecutionMessageReceived: Received message: {"Version":5,"MessageType":"TestSession.Message","Payload":{"MessageLevel":0,"Message":"[xUnit.net 00:00:00.60]       Expected: True"}}
TpTrace Verbose: 0 : 23896, 14, 2022/08/05, 19:46:29.847, 173362919959, vstest.console.dll, TestRunRequest:SendTestRunMessage: Starting.
TpTrace Information: 0 : 23896, 14, 2022/08/05, 19:46:29.847, 173362920229, vstest.console.dll, TestRunRequest:SendTestRunMessage: Completed.
TpTrace Verbose: 0 : 23896, 14, 2022/08/05, 19:46:29.847, 173362920432, vstest.console.dll, TcpClientExtensions.MessageLoopAsync: Polling on remoteEndPoint: 127.0.0.1:53274 localEndPoint: 127.0.0.1:53273
TpTrace Verbose: 0 : 23896, 14, 2022/08/05, 19:46:29.847, 173362920636, vstest.console.dll, TcpClientExtensions.MessageLoopAsync: NotifyDataAvailable remoteEndPoint: 127.0.0.1:53274 localEndPoint: 127.0.0.1:53273
TpTrace Verbose: 0 : 23896, 14, 2022/08/05, 19:46:29.847, 173362920883, vstest.console.dll, TestRequestSender.OnExecutionMessageReceived: Received message: {"Version":5,"MessageType":"TestSession.Message","Payload":{"MessageLevel":0,"Message":"[xUnit.net 00:00:00.60]       Actual:   False"}}
TpTrace Verbose: 0 : 23896, 14, 2022/08/05, 19:46:29.847, 173362921449, vstest.console.dll, TestRunRequest:SendTestRunMessage: Starting.
TpTrace Information: 0 : 23896, 14, 2022/08/05, 19:46:29.848, 173362921711, vstest.console.dll, TestRunRequest:SendTestRunMessage: Completed.
TpTrace Verbose: 0 : 23896, 14, 2022/08/05, 19:46:29.848, 173362921937, vstest.console.dll, TcpClientExtensions.MessageLoopAsync: Polling on remoteEndPoint: 127.0.0.1:53274 localEndPoint: 127.0.0.1:53273
TpTrace Verbose: 0 : 23896, 14, 2022/08/05, 19:46:29.848, 173362925795, vstest.console.dll, TcpClientExtensions.MessageLoopAsync: NotifyDataAvailable remoteEndPoint: 127.0.0.1:53274 localEndPoint: 127.0.0.1:53273
TpTrace Verbose: 0 : 23896, 14, 2022/08/05, 19:46:29.848, 173362926312, vstest.console.dll, TestRequestSender.OnExecutionMessageReceived: Received message: {"Version":5,"MessageType":"TestSession.Message","Payload":{"MessageLevel":0,"Message":"[xUnit.net 00:00:00.60]       Stack Trace:"}}
TpTrace Verbose: 0 : 23896, 14, 2022/08/05, 19:46:29.848, 173362927040, vstest.console.dll, TestRunRequest:SendTestRunMessage: Starting.
TpTrace Information: 0 : 23896, 14, 2022/08/05, 19:46:29.848, 173362927418, vstest.console.dll, TestRunRequest:SendTestRunMessage: Completed.
TpTrace Verbose: 0 : 23896, 14, 2022/08/05, 19:46:29.848, 173362927595, vstest.console.dll, TcpClientExtensions.MessageLoopAsync: Polling on remoteEndPoint: 127.0.0.1:53274 localEndPoint: 127.0.0.1:53273
TpTrace Verbose: 0 : 23896, 14, 2022/08/05, 19:46:29.849, 173362931692, vstest.console.dll, TcpClientExtensions.MessageLoopAsync: NotifyDataAvailable remoteEndPoint: 127.0.0.1:53274 localEndPoint: 127.0.0.1:53273
TpTrace Verbose: 0 : 23896, 14, 2022/08/05, 19:46:29.849, 173362932301, vstest.console.dll, TestRequestSender.OnExecutionMessageReceived: Received message: {"Version":5,"MessageType":"TestSession.Message","Payload":{"MessageLevel":0,"Message":"[xUnit.net 00:00:00.60]         C:\\Users\\hp\\source\\repos\\BankWinform\\BankWinformTest\\UserServiceTest.cs(57,0): at BankWinformTest.UserServiceTest.ShouldReturnUserWhenlogin()"}}
TpTrace Verbose: 0 : 23896, 14, 2022/08/05, 19:46:29.849, 173362932954, vstest.console.dll, TestRunRequest:SendTestRunMessage: Starting.
TpTrace Information: 0 : 23896, 14, 2022/08/05, 19:46:29.849, 173362933205, vstest.console.dll, TestRunRequest:SendTestRunMessage: Completed.
TpTrace Verbose: 0 : 23896, 14, 2022/08/05, 19:46:29.849, 173362933377, vstest.console.dll, TcpClientExtensions.MessageLoopAsync: Polling on remoteEndPoint: 127.0.0.1:53274 localEndPoint: 127.0.0.1:53273
TpTrace Verbose: 0 : 23896, 14, 2022/08/05, 19:46:29.849, 173362933565, vstest.console.dll, TcpClientExtensions.MessageLoopAsync: NotifyDataAvailable remoteEndPoint: 127.0.0.1:53274 localEndPoint: 127.0.0.1:53273
TpTrace Verbose: 0 : 23896, 14, 2022/08/05, 19:46:29.849, 173362933935, vstest.console.dll, TestRequestSender.OnExecutionMessageReceived: Received message: {"Version":5,"MessageType":"TestSession.Message","Payload":{"MessageLevel":0,"Message":"[xUnit.net 00:00:00.60]            at System.Threading.Tasks.Task.<>c.<ThrowAsync>b__139_0(Object state)"}}
TpTrace Verbose: 0 : 23896, 14, 2022/08/05, 19:46:29.849, 173362934489, vstest.console.dll, TestRunRequest:SendTestRunMessage: Starting.
TpTrace Information: 0 : 23896, 14, 2022/08/05, 19:46:29.849, 173362934714, vstest.console.dll, TestRunRequest:SendTestRunMessage: Completed.
TpTrace Verbose: 0 : 23896, 14, 2022/08/05, 19:46:29.849, 173362935036, vstest.console.dll, TcpClientExtensions.MessageLoopAsync: Polling on remoteEndPoint: 127.0.0.1:53274 localEndPoint: 127.0.0.1:53273
TpTrace Verbose: 0 : 23896, 14, 2022/08/05, 19:46:29.852, 173362962127, vstest.console.dll, TcpClientExtensions.MessageLoopAsync: NotifyDataAvailable remoteEndPoint: 127.0.0.1:53274 localEndPoint: 127.0.0.1:53273
TpTrace Verbose: 0 : 23896, 14, 2022/08/05, 19:46:29.852, 173362962808, vstest.console.dll, TestRequestSender.OnExecutionMessageReceived: Received message: {"Version":5,"MessageType":"TestSession.Message","Payload":{"MessageLevel":0,"Message":"[xUnit.net 00:00:00.61]   Finished:    BankWinformTest"}}
TpTrace Verbose: 0 : 23896, 14, 2022/08/05, 19:46:29.852, 173362963595, vstest.console.dll, TestRunRequest:SendTestRunMessage: Starting.
TpTrace Information: 0 : 23896, 14, 2022/08/05, 19:46:29.852, 173362964132, vstest.console.dll, TestRunRequest:SendTestRunMessage: Completed.
TpTrace Verbose: 0 : 23896, 14, 2022/08/05, 19:46:29.852, 173362964394, vstest.console.dll, TcpClientExtensions.MessageLoopAsync: Polling on remoteEndPoint: 127.0.0.1:53274 localEndPoint: 127.0.0.1:53273
TpTrace Verbose: 0 : 23896, 14, 2022/08/05, 19:46:29.869, 173363139027, vstest.console.dll, TcpClientExtensions.MessageLoopAsync: NotifyDataAvailable remoteEndPoint: 127.0.0.1:53274 localEndPoint: 127.0.0.1:53273
TpTrace Verbose: 0 : 23896, 14, 2022/08/05, 19:46:29.869, 173363141230, vstest.console.dll, TestRequestSender.OnExecutionMessageReceived: Received message: {"Version":5,"MessageType":"TestExecution.Completed","Payload":{"TestRunCompleteArgs":{"TestRunStatistics":{"ExecutedTests":27,"Stats":{"Passed":26,"Failed":1}},"IsCanceled":false,"IsAborted":false,"Error":null,"AttachmentSets":[],"InvokedDataCollectors":[],"ElapsedTimeInRunningTests":"00:00:00.6213039","Metrics":{},"DiscoveredExtensions":{"TestDiscoverers":["Xunit.Runner.VisualStudio.VsTestRunner, xunit.runner.visualstudio.dotnetcore.testadapter, Version=2.4.0.0, Culture=neutral, PublicKeyToken=8d05b1bb7a6fdb6c"],"TestExecutors":["executor://xunit/VsTestRunner2/netcoreapp"],"TestExecutors2":[],"TestSettingsProviders":[]}},"LastRunTests":{"NewTestResults":[{"TestCase":{"Id":"22c7f88c-f891-612b-ba6b-1f903796aea8","FullyQualifiedName":"BankWinformTest.AccountServiceTest.ShouldGetBalanceOFGivenAccount","DisplayName":"BankWinformTest.AccountServiceTest.ShouldGetBalanceOFGivenAccount(actual: \"678000890678\", expected: 5000)","ExecutorUri":"executor://xunit/VsTestRunner2/netcoreapp","Source":"C:\\Users\\hp\\source\\repos\\BankWinform\\BankWinformTest\\bin\\Debug\\netcoreapp3.1\\fine-code-coverage\\build-output\\BankWinformTest.dll","CodeFilePath":null,"LineNumber":0,"Properties":[]},"Attachments":[],"Outcome":1,"ErrorMessage":null,"ErrorStackTrace":null,"DisplayName":"BankWinformTest.AccountServiceTest.ShouldGetBalanceOFGivenAccount(actual: \"678000890678\", expected: 5000)","Messages":[],"ComputerName":"LAPTOP-GAA1RH4E","Duration":"00:00:00.0030541","StartTime":"2022-08-05T18:46:29.8317239+00:00","EndTime":"2022-08-05T18:46:29.8317246+00:00","Properties":[]},{"TestCase":{"Id":"040020fe-ddca-8ba3-c045-42b8e7a7a786","FullyQualifiedName":"BankWinformTest.AccountServiceTest.ShouldGetBalanceOFGivenAccount","DisplayName":"BankWinformTest.AccountServiceTest.ShouldGetBalanceOFGivenAccount(actual: \"324567890678\", expected: 70000)","ExecutorUri":"executor://xunit/VsTestRunner2/netcoreapp","Source":"C:\\Users\\hp\\source\\repos\\BankWinform\\BankWinformTest\\bin\\Debug\\netcoreapp3.1\\fine-code-coverage\\build-output\\BankWinformTest.dll","CodeFilePath":null,"LineNumber":0,"Properties":[]},"Attachments":[],"Outcome":1,"ErrorMessage":null,"ErrorStackTrace":null,"DisplayName":"BankWinformTest.AccountServiceTest.ShouldGetBalanceOFGivenAccount(actual: \"324567890678\", expected: 70000)","Messages":[],"ComputerName":"LAPTOP-GAA1RH4E","Duration":"00:00:00.0001164","StartTime":"2022-08-05T18:46:29.8330194+00:00","EndTime":"2022-08-05T18:46:29.8330198+00:00","Properties":[]},{"TestCase":{"Id":"25287fec-a79a-3fc0-2329-167cf145de3f","FullyQualifiedName":"BankWinformTest.AccountServiceTest.ShouldGetBalanceOFGivenAccount","DisplayName":"BankWinformTest.AccountServiceTest.ShouldGetBalanceOFGivenAccount(actual: \"024567890678\", expected: 1000)","ExecutorUri":"executor://xunit/VsTestRunner2/netcoreapp","Source":"C:\\Users\\hp\\source\\repos\\BankWinform\\BankWinformTest\\bin\\Debug\\netcoreapp3.1\\fine-code-coverage\\build-output\\BankWinformTest.dll","CodeFilePath":null,"LineNumber":0,"Properties":[]},"Attachments":[],"Outcome":1,"ErrorMessage":null,"ErrorStackTrace":null,"DisplayName":"BankWinformTest.AccountServiceTest.ShouldGetBalanceOFGivenAccount(actual: \"024567890678\", expected: 1000)","Messages":[],"ComputerName":"LAPTOP-GAA1RH4E","Duration":"00:00:00.0000378","StartTime":"2022-08-05T18:46:29.8346658+00:00","EndTime":"2022-08-05T18:46:29.8346665+00:00","Properties":[]},{"TestCase":{"Id":"6e18ef48-a1dc-59c6-01b4-1162d9aadfc0","FullyQualifiedName":"BankWinformTest.UserServiceTest.ShouldReturnUserWhenlogin","DisplayName":"BankWinformTest.UserServiceTest.ShouldReturnUserWhenlogin","ExecutorUri":"executor://xunit/VsTestRunner2/netcoreapp","Source":"C:\\Users\\hp\\source\\repos\\BankWinform\\BankWinformTest\\bin\\Debug\\netcoreapp3.1\\fine-code-coverage\\build-output\\BankWinformTest.dll","CodeFilePath":null,"LineNumber":0,"Properties":[]},"Attachments":[],"Outcome":2,"ErrorMessage":"Assert.True() Failure\r\nExpected: True\r\nActual:   False","ErrorStackTrace":"   at BankWinformTest.UserServiceTest.ShouldReturnUserWhenlogin() in C:\\Users\\hp\\source\\repos\\BankWinform\\BankWinformTest\\UserServiceTest.cs:line 57\r\n   at System.Threading.Tasks.Task.<>c.<ThrowAsync>b__139_0(Object state)","DisplayName":"BankWinformTest.UserServiceTest.ShouldReturnUserWhenlogin","Messages":[],"ComputerName":"LAPTOP-GAA1RH4E","Duration":"00:00:00.0142867","StartTime":"2022-08-05T18:46:29.8499507+00:00","EndTime":"2022-08-05T18:46:29.8499521+00:00","Properties":[]}],"TestRunStatistics":{"ExecutedTests":27,"Stats":{"Passed":26,"Failed":1}},"ActiveTests":[]},"RunAttachments":[],"ExecutorUris":["executor://xunit/VsTestRunner2/netcoreapp"]}}
TpTrace Verbose: 0 : 23896, 14, 2022/08/05, 19:46:29.870, 173363144875, vstest.console.dll, TestRequestSender.EndSession: Sending end session.
TpTrace Verbose: 0 : 23896, 14, 2022/08/05, 19:46:29.870, 173363146151, vstest.console.dll, ProxyOperationManager.Close: waiting for test host to exit for 100 ms
TpTrace Warning: 0 : 23896, 13, 2022/08/05, 19:46:29.904, 173363483063, vstest.console.dll, TestHostManagerCallbacks.ErrorReceivedCallback Test host standard error line: 
TpTrace Verbose: 0 : 23896, 8, 2022/08/05, 19:46:29.914, 173363587077, vstest.console.dll, TestHostProvider.ExitCallBack: Host exited starting callback.
TpTrace Information: 0 : 23896, 8, 2022/08/05, 19:46:29.915, 173363593329, vstest.console.dll, TestHostManagerCallbacks.ExitCallBack: Testhost processId: 18240 exited with exitcode: 0 error: ''
TpTrace Verbose: 0 : 23896, 8, 2022/08/05, 19:46:29.915, 173363594028, vstest.console.dll, DotnetTestHostManager.OnHostExited: invoking OnHostExited callback
TpTrace Verbose: 0 : 23896, 8, 2022/08/05, 19:46:29.915, 173363594589, vstest.console.dll, CrossPlatEngine.TestHostManagerHostExited: calling on client process exit callback.
TpTrace Information: 0 : 23896, 8, 2022/08/05, 19:46:29.915, 173363595719, vstest.console.dll, TestRequestSender.OnClientProcessExit: Test host process exited. Standard error: 
TpTrace Information: 0 : 23896, 8, 2022/08/05, 19:46:29.915, 173363596110, vstest.console.dll, SocketServer.Stop: Stop server endPoint: 127.0.0.1:53273
TpTrace Information: 0 : 23896, 8, 2022/08/05, 19:46:29.915, 173363596332, vstest.console.dll, SocketServer.Stop: Cancellation requested. Stopping message loop.
TpTrace Warning: 0 : 23896, 14, 2022/08/05, 19:46:29.915, 173363596666, vstest.console.dll, ProxyOperationManager: Timed out waiting for test host to exit. Will terminate process.
TpTrace Verbose: 0 : 23896, 14, 2022/08/05, 19:46:29.916, 173363601492, vstest.console.dll, ProxyDataCollectionManager.InvokeDataCollectionServiceAction: Starting.
TpTrace Information: 0 : 23896, 14, 2022/08/05, 19:46:29.916, 173363601965, vstest.console.dll, ProxyDataCollectionManager.AfterTestRunEnd: Get attachment set for datacollector processId: 10012 port: 53270
TpTrace Verbose: 0 : 23896, 14, 2022/08/05, 19:46:29.916, 173363602390, vstest.console.dll, DataCollectionRequestSender.SendAfterTestRunStartAndGetResult : Send AfterTestRunEnd message with isCancelled: False
TpTrace Verbose: 0 : 23896, 14, 2022/08/05, 19:46:29.920, 173363646201, vstest.console.dll, DataCollectionRequestSender.SendAfterTestRunStartAndGetResult : Received message: (DataCollection.AfterTestRunEndResult) -> {
  "AttachmentSets": [],
  "Metrics": {}
}
TpTrace Information: 0 : 23896, 14, 2022/08/05, 19:46:29.923, 173363675899, vstest.console.dll, ProxyDataCollectionManager.InvokeDataCollectionServiceAction: Completed.
TpTrace Warning: 0 : 23896, 10, 2022/08/05, 19:46:29.940, 173363848420, vstest.console.dll, DataCollectionLauncher.ErrorReceivedCallback datacollector standard error line: 
TpTrace Verbose: 0 : 23896, 14, 2022/08/05, 19:46:29.941, 173363856605, vstest.console.dll, TestRunRequest:SendTestRunStatsChange: Starting.
TpTrace Information: 0 : 23896, 14, 2022/08/05, 19:46:29.941, 173363857622, vstest.console.dll, TestRunRequest:SendTestRunStatsChange: Completed.
TpTrace Verbose: 0 : 23896, 14, 2022/08/05, 19:46:29.941, 173363860039, vstest.console.dll, ParallelProxyExecutionManager: HandlePartialRunComplete: Total completed clients = 1, Run complete = True, Run canceled: False.
TpTrace Information: 0 : 23896, 8, 2022/08/05, 19:46:29.946, 173363901520, vstest.console.dll, DataCollectionLauncher.ExitCallBack: Data collector exited with exitcode: 0 error: ''
TpTrace Verbose: 0 : 23896, 14, 2022/08/05, 19:46:29.965, 173364094525, vstest.console.dll, TestRunRequest:TestRunComplete: Starting. IsAborted:False IsCanceled:False.
TpTrace Verbose: 0 : 23896, 14, 2022/08/05, 19:46:29.965, 173364097256, vstest.console.dll, TestLoggerManager.HandleTestRunComplete: Ignoring as the object is disposed.
TpTrace Information: 0 : 23896, 14, 2022/08/05, 19:46:29.965, 173364099367, vstest.console.dll, TestRunRequest:TestRunComplete: Completed.
TpTrace Verbose: 0 : 23896, 14, 2022/08/05, 19:46:29.965, 173364099776, vstest.console.dll, TestRequestSender.SetOperationComplete: Setting operation complete.
TpTrace Information: 0 : 23896, 14, 2022/08/05, 19:46:29.965, 173364100010, vstest.console.dll, SocketServer.Stop: Stop server endPoint: 127.0.0.1:53273
TpTrace Information: 0 : 23896, 14, 2022/08/05, 19:46:29.965, 173364100175, vstest.console.dll, SocketServer.Stop: Cancellation requested. Stopping message loop.
TpTrace Verbose: 0 : 23896, 1, 2022/08/05, 19:46:29.965, 173364100402, vstest.console.dll, TestRunRequest.Dispose: Starting.
TpTrace Information: 0 : 23896, 1, 2022/08/05, 19:46:29.965, 173364101120, vstest.console.dll, TestRunRequest.Dispose: Completed.
TpTrace Information: 0 : 23896, 14, 2022/08/05, 19:46:29.965, 173364100487, vstest.console.dll, SocketServer.PrivateStop: Stop server endPoint: 127.0.0.1:53273 error: 
TpTrace Information: 0 : 23896, 1, 2022/08/05, 19:46:29.966, 173364101467, vstest.console.dll, TestRequestManager.RunTests: run tests completed.
TpTrace Information: 0 : 23896, 1, 2022/08/05, 19:46:29.966, 173364102538, vstest.console.dll, RunTestsArgumentProcessor:Execute: Test run is completed.
TpTrace Verbose: 0 : 23896, 1, 2022/08/05, 19:46:29.966, 173364104475, vstest.console.dll, Executor.Execute: Exiting with exit code of 1
TpTrace Verbose: 0 : 23896, 14, 2022/08/05, 19:46:29.966, 173364106444, vstest.console.dll, LengthPrefixCommunicationChannel.Dispose: Dispose reader and writer.
TpTrace Information: 0 : 23896, 14, 2022/08/05, 19:46:29.966, 173364107576, vstest.console.dll, SocketServer.Stop: Raise disconnected event endPoint: 127.0.0.1:53273 error: 
TpTrace Verbose: 0 : 23896, 14, 2022/08/05, 19:46:29.966, 173364108016, vstest.console.dll, TestRequestSender: OnTestRunAbort: Operation is already complete. Skip error message.
TpTrace Verbose: 0 : 23896, 14, 2022/08/05, 19:46:29.966, 173364108260, vstest.console.dll, TcpClientExtensions.MessageLoopAsync: exiting MessageLoopAsync remoteEndPoint: 127.0.0.1:53274 localEndPoint: 127.0.0.1:53273
